[debug] [2021-06-03T10:58:34.057Z] ----------------------------------------------------------------------
[debug] [2021-06-03T10:58:34.058Z] Command:       /opt/homebrew/Cellar/node/15.11.0/bin/node /opt/homebrew/bin/firebase emulators:start
[debug] [2021-06-03T10:58:34.058Z] CLI Version:   9.11.0
[debug] [2021-06-03T10:58:34.058Z] Platform:      darwin
[debug] [2021-06-03T10:58:34.058Z] Node Version:  v15.11.0
[debug] [2021-06-03T10:58:34.060Z] Time:          Thu Jun 03 2021 16:28:34 GMT+0530 (India Standard Time)
[debug] [2021-06-03T10:58:34.060Z] ----------------------------------------------------------------------
[debug] 
[debug] [2021-06-03T10:58:34.063Z] > command requires scopes: ["email","openid","https://www.googleapis.com/auth/cloudplatformprojects.readonly","https://www.googleapis.com/auth/firebase","https://www.googleapis.com/auth/cloud-platform"]
[debug] [2021-06-03T10:58:34.063Z] > authorizing via signed-in user (pvineet44@gmail.com)
[info] i  emulators: Starting emulators: functions, hosting {"metadata":{"emulator":{"name":"hub"},"message":"Starting emulators: functions, hosting"}}
[debug] [2021-06-03T10:58:34.075Z] [hub] writing locator at /var/folders/9b/kzvz56p946bdfrfv910p2x6r0000gn/T/hub-vp-emazon-clone.json
[warn] ⚠  functions: The following emulators are not running, calls to these services from the Functions emulator will affect production: auth, firestore, database, pubsub, storage {"metadata":{"emulator":{"name":"functions"},"message":"The following emulators are not running, calls to these services from the Functions emulator will affect production: \u001b[1mauth, firestore, database, pubsub, storage\u001b[22m"}}
[warn] ⚠  Your requested "node" version "12" doesn't match your global version "15" {"metadata":{"emulator":{"name":"functions"},"message":"Your requested \"node\" version \"12\" doesn't match your global version \"15\""}}
[debug] [2021-06-03T10:58:34.104Z] defaultcredentials: writing to file /Users/apco/.config/firebase/pvineet44_gmail_com_application_default_credentials.json
[debug] [2021-06-03T10:58:34.105Z] Setting GAC to /Users/apco/.config/firebase/pvineet44_gmail_com_application_default_credentials.json {"metadata":{"emulator":{"name":"functions"},"message":"Setting GAC to /Users/apco/.config/firebase/pvineet44_gmail_com_application_default_credentials.json"}}
[debug] [2021-06-03T10:58:34.106Z] > refreshing access token with scopes: []
[debug] [2021-06-03T10:58:34.106Z] >>> HTTP REQUEST POST https://www.googleapis.com/oauth2/v3/token  
 <request body omitted>
[debug] [2021-06-03T10:58:34.301Z] <<< HTTP RESPONSE 200 {"pragma":"no-cache","date":"Thu, 03 Jun 2021 10:58:34 GMT","cache-control":"no-cache, no-store, max-age=0, must-revalidate","expires":"Mon, 01 Jan 1990 00:00:00 GMT","content-type":"application/json; charset=utf-8","vary":"X-Origin, Referer, Origin,Accept-Encoding","server":"scaffolding on HTTPServer2","x-xss-protection":"0","x-frame-options":"SAMEORIGIN","x-content-type-options":"nosniff","alt-svc":"h3-29=\":443\"; ma=2592000,h3-T051=\":443\"; ma=2592000,h3-Q050=\":443\"; ma=2592000,h3-Q046=\":443\"; ma=2592000,h3-Q043=\":443\"; ma=2592000,quic=\":443\"; ma=2592000; v=\"46,43\"","accept-ranges":"none","transfer-encoding":"chunked"}
[debug] [2021-06-03T10:58:34.345Z] >>> [apiv2][query] GET https://firebase.googleapis.com/v1beta1/projects/vp-emazon-clone/adminSdkConfig [none]
[debug] [2021-06-03T10:58:35.060Z] <<< [apiv2][status] GET https://firebase.googleapis.com/v1beta1/projects/vp-emazon-clone/adminSdkConfig 200
[debug] [2021-06-03T10:58:35.061Z] <<< [apiv2][body] GET https://firebase.googleapis.com/v1beta1/projects/vp-emazon-clone/adminSdkConfig {"projectId":"vp-emazon-clone","storageBucket":"vp-emazon-clone.appspot.com"}
[debug] [2021-06-03T10:58:35.190Z] >>> [apiv2][query] GET https://firebasehosting.googleapis.com/v1beta1/projects/vp-emazon-clone/sites 
[debug] [2021-06-03T10:58:37.305Z] <<< [apiv2][status] GET https://firebasehosting.googleapis.com/v1beta1/projects/vp-emazon-clone/sites 200
[debug] [2021-06-03T10:58:37.306Z] <<< [apiv2][body] GET https://firebasehosting.googleapis.com/v1beta1/projects/vp-emazon-clone/sites {"sites":[{"name":"projects/279946226368/sites/vp-emazon-clone","defaultUrl":"https://vp-emazon-clone.web.app","appId":"1:279946226368:web:0f676b983d7ad758d9db25","type":"DEFAULT_SITE"}]}
[debug] [2021-06-03T10:58:37.306Z] >>> [apiv2][query] GET https://firebase.googleapis.com/v1beta1/projects/vp-emazon-clone/webApps/1:279946226368:web:0f676b983d7ad758d9db25/config [none]
[debug] [2021-06-03T10:58:38.742Z] <<< [apiv2][status] GET https://firebase.googleapis.com/v1beta1/projects/vp-emazon-clone/webApps/1:279946226368:web:0f676b983d7ad758d9db25/config 200
[debug] [2021-06-03T10:58:38.742Z] <<< [apiv2][body] GET https://firebase.googleapis.com/v1beta1/projects/vp-emazon-clone/webApps/1:279946226368:web:0f676b983d7ad758d9db25/config {"projectId":"vp-emazon-clone","appId":"1:279946226368:web:0f676b983d7ad758d9db25","storageBucket":"vp-emazon-clone.appspot.com","apiKey":"AIzaSyCswD5NC7krBRu6Ws4YiH8Ln_5tcIaua2M","authDomain":"vp-emazon-clone.firebaseapp.com","messagingSenderId":"279946226368","measurementId":"G-G5Q0PLRFED"}
[info] i  hosting: Serving hosting files from: build {"metadata":{"emulator":{"name":"hosting"},"message":"Serving hosting files from: \u001b[1mbuild\u001b[22m"}}
[info] ✔  hosting: Local server: http://localhost:5000 {"metadata":{"emulator":{"name":"hosting"},"message":"Local server: \u001b[4m\u001b[1mhttp://localhost:5000\u001b[22m\u001b[24m"}}
[debug] [2021-06-03T10:58:39.059Z] Ignoring unsupported arg: auto_download {"metadata":{"emulator":{"name":"ui"},"message":"Ignoring unsupported arg: auto_download"}}
[debug] [2021-06-03T10:58:39.059Z] Ignoring unsupported arg: port {"metadata":{"emulator":{"name":"ui"},"message":"Ignoring unsupported arg: port"}}
[debug] [2021-06-03T10:58:39.059Z] Starting Emulator UI with command {"binary":"node","args":["/Users/apco/.cache/firebase/emulators/ui-v1.5.0/server.bundle.js"],"optionalArgs":[],"joinArgs":false} {"metadata":{"emulator":{"name":"ui"},"message":"Starting Emulator UI with command {\"binary\":\"node\",\"args\":[\"/Users/apco/.cache/firebase/emulators/ui-v1.5.0/server.bundle.js\"],\"optionalArgs\":[],\"joinArgs\":false}"}}
[info] i  ui: Emulator UI logging to ui-debug.log {"metadata":{"emulator":{"name":"ui"},"message":"Emulator UI logging to \u001b[1mui-debug.log\u001b[22m"}}
[debug] [2021-06-03T10:58:39.138Z] Web / API server started at http://localhost:4000
 {"metadata":{"emulator":{"name":"ui"},"message":"Web / API server started at http://localhost:4000\n"}}
[info] i  functions: Watching "/Users/apco/Desktop/projects/amazon-clone/functions" for Cloud Functions... {"metadata":{"emulator":{"name":"functions"},"message":"Watching \"/Users/apco/Desktop/projects/amazon-clone/functions\" for Cloud Functions..."}}
[debug] [2021-06-03T10:58:39.336Z] [worker-pool] addWorker(~diagnostic~) {"metadata":{"emulator":{"name":"functions"},"message":"[worker-pool] addWorker(~diagnostic~)"}}
[debug] [2021-06-03T10:58:39.337Z] [worker-pool] Adding worker with key ~diagnostic~, total=1 {"metadata":{"emulator":{"name":"functions"},"message":"[worker-pool] Adding worker with key ~diagnostic~, total=1"}}
[debug] [2021-06-03T10:58:39.337Z] [worker-pool] submitWork(triggerId=) {"metadata":{"emulator":{"name":"functions"},"message":"[worker-pool] submitWork(triggerId=)"}}
[debug] [2021-06-03T10:58:39.337Z] [worker-~diagnostic~-c9e6fa47-a53f-4c46-9a24-0cf0ce64ca6d]: Assigning socketPath: /var/folders/9b/kzvz56p946bdfrfv910p2x6r0000gn/T/fire_emu_6795.sock {"metadata":{"emulator":{"name":"functions"},"message":"[worker-~diagnostic~-c9e6fa47-a53f-4c46-9a24-0cf0ce64ca6d]: Assigning socketPath: /var/folders/9b/kzvz56p946bdfrfv910p2x6r0000gn/T/fire_emu_6795.sock"}}
[debug] [2021-06-03T10:58:39.337Z] [worker-~diagnostic~-c9e6fa47-a53f-4c46-9a24-0cf0ce64ca6d]: BUSY {"metadata":{"emulator":{"name":"functions"},"message":"[worker-~diagnostic~-c9e6fa47-a53f-4c46-9a24-0cf0ce64ca6d]: BUSY"}}
[debug] [2021-06-03T10:58:39.421Z] [runtime-status] [6795] Functions runtime initialized. {"cwd":"/Users/apco/Desktop/projects/amazon-clone/functions","node_version":"15.11.0"} {"metadata":{"emulator":{"name":"functions"},"message":"[runtime-status] [6795] Functions runtime initialized. {\"cwd\":\"/Users/apco/Desktop/projects/amazon-clone/functions\",\"node_version\":\"15.11.0\"}"}}
[debug] [2021-06-03T10:58:39.421Z] [runtime-status] [6795] Disabled runtime features: undefined {"metadata":{"emulator":{"name":"functions"},"message":"[runtime-status] [6795] Disabled runtime features: undefined"}}
[debug] [2021-06-03T10:58:39.423Z] [runtime-status] [6795] Resolved module firebase-admin {"declared":true,"installed":true,"version":"9.9.0","resolution":"/Users/apco/Desktop/projects/amazon-clone/functions/node_modules/firebase-admin/lib/index.js"} {"metadata":{"emulator":{"name":"functions"},"message":"[runtime-status] [6795] Resolved module firebase-admin {\"declared\":true,\"installed\":true,\"version\":\"9.9.0\",\"resolution\":\"/Users/apco/Desktop/projects/amazon-clone/functions/node_modules/firebase-admin/lib/index.js\"}"}}
[debug] [2021-06-03T10:58:39.423Z] [runtime-status] [6795] Resolved module firebase-functions {"declared":true,"installed":true,"version":"3.14.1","resolution":"/Users/apco/Desktop/projects/amazon-clone/functions/node_modules/firebase-functions/lib/index.js"} {"metadata":{"emulator":{"name":"functions"},"message":"[runtime-status] [6795] Resolved module firebase-functions {\"declared\":true,\"installed\":true,\"version\":\"3.14.1\",\"resolution\":\"/Users/apco/Desktop/projects/amazon-clone/functions/node_modules/firebase-functions/lib/index.js\"}"}}
[debug] [2021-06-03T10:58:39.424Z] [runtime-status] [6795] Resolved module firebase-functions {"declared":true,"installed":true,"version":"3.14.1","resolution":"/Users/apco/Desktop/projects/amazon-clone/functions/node_modules/firebase-functions/lib/index.js"} {"metadata":{"emulator":{"name":"functions"},"message":"[runtime-status] [6795] Resolved module firebase-functions {\"declared\":true,\"installed\":true,\"version\":\"3.14.1\",\"resolution\":\"/Users/apco/Desktop/projects/amazon-clone/functions/node_modules/firebase-functions/lib/index.js\"}"}}
[debug] [2021-06-03T10:58:39.425Z] [runtime-status] [6795] Outgoing network have been stubbed. [{"name":"http","status":"mocked"},{"name":"http","status":"mocked"},{"name":"https","status":"mocked"},{"name":"https","status":"mocked"},{"name":"net","status":"mocked"}] {"metadata":{"emulator":{"name":"functions"},"message":"[runtime-status] [6795] Outgoing network have been stubbed. [{\"name\":\"http\",\"status\":\"mocked\"},{\"name\":\"http\",\"status\":\"mocked\"},{\"name\":\"https\",\"status\":\"mocked\"},{\"name\":\"https\",\"status\":\"mocked\"},{\"name\":\"net\",\"status\":\"mocked\"}]"}}
[debug] [2021-06-03T10:58:39.425Z] [runtime-status] [6795] Resolved module firebase-functions {"declared":true,"installed":true,"version":"3.14.1","resolution":"/Users/apco/Desktop/projects/amazon-clone/functions/node_modules/firebase-functions/lib/index.js"} {"metadata":{"emulator":{"name":"functions"},"message":"[runtime-status] [6795] Resolved module firebase-functions {\"declared\":true,\"installed\":true,\"version\":\"3.14.1\",\"resolution\":\"/Users/apco/Desktop/projects/amazon-clone/functions/node_modules/firebase-functions/lib/index.js\"}"}}
[debug] [2021-06-03T10:58:39.458Z] [runtime-status] [6795] Checked functions.config() {"config":{}} {"metadata":{"emulator":{"name":"functions"},"message":"[runtime-status] [6795] Checked functions.config() {\"config\":{}}"}}
[debug] [2021-06-03T10:58:39.459Z] [runtime-status] [6795] firebase-functions has been stubbed. {"functionsResolution":{"declared":true,"installed":true,"version":"3.14.1","resolution":"/Users/apco/Desktop/projects/amazon-clone/functions/node_modules/firebase-functions/lib/index.js"}} {"metadata":{"emulator":{"name":"functions"},"message":"[runtime-status] [6795] firebase-functions has been stubbed. {\"functionsResolution\":{\"declared\":true,\"installed\":true,\"version\":\"3.14.1\",\"resolution\":\"/Users/apco/Desktop/projects/amazon-clone/functions/node_modules/firebase-functions/lib/index.js\"}}"}}
[debug] [2021-06-03T10:58:39.459Z] [runtime-status] [6795] Resolved module firebase-functions {"declared":true,"installed":true,"version":"3.14.1","resolution":"/Users/apco/Desktop/projects/amazon-clone/functions/node_modules/firebase-functions/lib/index.js"} {"metadata":{"emulator":{"name":"functions"},"message":"[runtime-status] [6795] Resolved module firebase-functions {\"declared\":true,\"installed\":true,\"version\":\"3.14.1\",\"resolution\":\"/Users/apco/Desktop/projects/amazon-clone/functions/node_modules/firebase-functions/lib/index.js\"}"}}
[debug] [2021-06-03T10:58:39.459Z] [runtime-status] [6795] Resolved module firebase-admin {"declared":true,"installed":true,"version":"9.9.0","resolution":"/Users/apco/Desktop/projects/amazon-clone/functions/node_modules/firebase-admin/lib/index.js"} {"metadata":{"emulator":{"name":"functions"},"message":"[runtime-status] [6795] Resolved module firebase-admin {\"declared\":true,\"installed\":true,\"version\":\"9.9.0\",\"resolution\":\"/Users/apco/Desktop/projects/amazon-clone/functions/node_modules/firebase-admin/lib/index.js\"}"}}
[debug] [2021-06-03T10:58:39.460Z] [runtime-status] [6795] Resolved module firebase-functions {"declared":true,"installed":true,"version":"3.14.1","resolution":"/Users/apco/Desktop/projects/amazon-clone/functions/node_modules/firebase-functions/lib/index.js"} {"metadata":{"emulator":{"name":"functions"},"message":"[runtime-status] [6795] Resolved module firebase-functions {\"declared\":true,\"installed\":true,\"version\":\"3.14.1\",\"resolution\":\"/Users/apco/Desktop/projects/amazon-clone/functions/node_modules/firebase-functions/lib/index.js\"}"}}
[debug] [2021-06-03T10:58:39.460Z] [runtime-status] [6795] firebase-admin has been stubbed. {"adminResolution":{"declared":true,"installed":true,"version":"9.9.0","resolution":"/Users/apco/Desktop/projects/amazon-clone/functions/node_modules/firebase-admin/lib/index.js"}} {"metadata":{"emulator":{"name":"functions"},"message":"[runtime-status] [6795] firebase-admin has been stubbed. {\"adminResolution\":{\"declared\":true,\"installed\":true,\"version\":\"9.9.0\",\"resolution\":\"/Users/apco/Desktop/projects/amazon-clone/functions/node_modules/firebase-admin/lib/index.js\"}}"}}
[debug] [2021-06-03T10:58:39.527Z] [worker-~diagnostic~-c9e6fa47-a53f-4c46-9a24-0cf0ce64ca6d]: IDLE {"metadata":{"emulator":{"name":"functions"},"message":"[worker-~diagnostic~-c9e6fa47-a53f-4c46-9a24-0cf0ce64ca6d]: IDLE"}}
[info] ✔  functions[api]: http function initialized (http://localhost:5001/vp-emazon-clone/us-central1/api). {"metadata":{"emulator":{"name":"functions"},"message":"\u001b[1mhttp\u001b[22m function initialized (http://localhost:5001/vp-emazon-clone/us-central1/api)."}}
[info] 
┌─────────────────────────────────────────────────────────────┐
│ ✔  All emulators ready! It is now safe to connect your app. │
│ i  View Emulator UI at http://localhost:4000                │
└─────────────────────────────────────────────────────────────┘

┌───────────┬────────────────┬─────────────────────────────────┐
│ Emulator  │ Host:Port      │ View in Emulator UI             │
├───────────┼────────────────┼─────────────────────────────────┤
│ Functions │ localhost:5001 │ http://localhost:4000/functions │
├───────────┼────────────────┼─────────────────────────────────┤
│ Hosting   │ localhost:5000 │ n/a                             │
└───────────┴────────────────┴─────────────────────────────────┘
  Emulator Hub running at localhost:4400
  Other reserved ports: 4500

Issues? Report them at https://github.com/firebase/firebase-tools/issues and attach the *-debug.log files.
 
[debug] [2021-06-03T10:58:44.828Z] [work-queue] {"queueLength":1,"workRunningCount":0}
[debug] [2021-06-03T10:58:44.828Z] [work-queue] {"queueLength":0,"workRunningCount":1}
[debug] [2021-06-03T10:58:44.828Z] Accepted request POST /vp-emazon-clone/us-central1/api/payments/create?total=0 --> api
[debug] [2021-06-03T10:58:44.831Z] [worker-pool] addWorker(api) {"metadata":{"emulator":{"name":"functions"},"message":"[worker-pool] addWorker(api)"}}
[debug] [2021-06-03T10:58:44.831Z] [worker-pool] Adding worker with key api, total=1 {"metadata":{"emulator":{"name":"functions"},"message":"[worker-pool] Adding worker with key api, total=1"}}
[debug] [2021-06-03T10:58:44.831Z] [worker-pool] submitWork(triggerId=api) {"metadata":{"emulator":{"name":"functions"},"message":"[worker-pool] submitWork(triggerId=api)"}}
[debug] [2021-06-03T10:58:44.832Z] [worker-api-bf7b553a-64f1-4638-b049-f457c1ba6c3f]: Assigning socketPath: /var/folders/9b/kzvz56p946bdfrfv910p2x6r0000gn/T/fire_emu_6817.sock {"metadata":{"emulator":{"name":"functions"},"message":"[worker-api-bf7b553a-64f1-4638-b049-f457c1ba6c3f]: Assigning socketPath: /var/folders/9b/kzvz56p946bdfrfv910p2x6r0000gn/T/fire_emu_6817.sock"}}
[debug] [2021-06-03T10:58:44.832Z] [worker-api-bf7b553a-64f1-4638-b049-f457c1ba6c3f]: BUSY {"metadata":{"emulator":{"name":"functions"},"message":"[worker-api-bf7b553a-64f1-4638-b049-f457c1ba6c3f]: BUSY"}}
[debug] [2021-06-03T10:58:44.948Z] [runtime-status] [6817] Functions runtime initialized. {"cwd":"/Users/apco/Desktop/projects/amazon-clone/functions","node_version":"15.11.0"} {"metadata":{"emulator":{"name":"functions"},"function":{"name":"api"},"message":"[runtime-status] [6817] Functions runtime initialized. {\"cwd\":\"/Users/apco/Desktop/projects/amazon-clone/functions\",\"node_version\":\"15.11.0\"}"}}
[debug] [2021-06-03T10:58:44.949Z] [runtime-status] [6817] Disabled runtime features: undefined {"metadata":{"emulator":{"name":"functions"},"function":{"name":"api"},"message":"[runtime-status] [6817] Disabled runtime features: undefined"}}
[debug] [2021-06-03T10:58:44.950Z] [runtime-status] [6817] Resolved module firebase-admin {"declared":true,"installed":true,"version":"9.9.0","resolution":"/Users/apco/Desktop/projects/amazon-clone/functions/node_modules/firebase-admin/lib/index.js"} {"metadata":{"emulator":{"name":"functions"},"function":{"name":"api"},"message":"[runtime-status] [6817] Resolved module firebase-admin {\"declared\":true,\"installed\":true,\"version\":\"9.9.0\",\"resolution\":\"/Users/apco/Desktop/projects/amazon-clone/functions/node_modules/firebase-admin/lib/index.js\"}"}}
[debug] [2021-06-03T10:58:44.950Z] [runtime-status] [6817] Resolved module firebase-functions {"declared":true,"installed":true,"version":"3.14.1","resolution":"/Users/apco/Desktop/projects/amazon-clone/functions/node_modules/firebase-functions/lib/index.js"} {"metadata":{"emulator":{"name":"functions"},"function":{"name":"api"},"message":"[runtime-status] [6817] Resolved module firebase-functions {\"declared\":true,\"installed\":true,\"version\":\"3.14.1\",\"resolution\":\"/Users/apco/Desktop/projects/amazon-clone/functions/node_modules/firebase-functions/lib/index.js\"}"}}
[debug] [2021-06-03T10:58:44.951Z] [runtime-status] [6817] Resolved module firebase-functions {"declared":true,"installed":true,"version":"3.14.1","resolution":"/Users/apco/Desktop/projects/amazon-clone/functions/node_modules/firebase-functions/lib/index.js"} {"metadata":{"emulator":{"name":"functions"},"function":{"name":"api"},"message":"[runtime-status] [6817] Resolved module firebase-functions {\"declared\":true,\"installed\":true,\"version\":\"3.14.1\",\"resolution\":\"/Users/apco/Desktop/projects/amazon-clone/functions/node_modules/firebase-functions/lib/index.js\"}"}}
[debug] [2021-06-03T10:58:44.955Z] [runtime-status] [6817] Outgoing network have been stubbed. [{"name":"http","status":"mocked"},{"name":"http","status":"mocked"},{"name":"https","status":"mocked"},{"name":"https","status":"mocked"},{"name":"net","status":"mocked"}] {"metadata":{"emulator":{"name":"functions"},"function":{"name":"api"},"message":"[runtime-status] [6817] Outgoing network have been stubbed. [{\"name\":\"http\",\"status\":\"mocked\"},{\"name\":\"http\",\"status\":\"mocked\"},{\"name\":\"https\",\"status\":\"mocked\"},{\"name\":\"https\",\"status\":\"mocked\"},{\"name\":\"net\",\"status\":\"mocked\"}]"}}
[debug] [2021-06-03T10:58:44.955Z] [runtime-status] [6817] Resolved module firebase-functions {"declared":true,"installed":true,"version":"3.14.1","resolution":"/Users/apco/Desktop/projects/amazon-clone/functions/node_modules/firebase-functions/lib/index.js"} {"metadata":{"emulator":{"name":"functions"},"function":{"name":"api"},"message":"[runtime-status] [6817] Resolved module firebase-functions {\"declared\":true,\"installed\":true,\"version\":\"3.14.1\",\"resolution\":\"/Users/apco/Desktop/projects/amazon-clone/functions/node_modules/firebase-functions/lib/index.js\"}"}}
[debug] [2021-06-03T10:58:44.986Z] [runtime-status] [6817] Checked functions.config() {"config":{}} {"metadata":{"emulator":{"name":"functions"},"function":{"name":"api"},"message":"[runtime-status] [6817] Checked functions.config() {\"config\":{}}"}}
[debug] [2021-06-03T10:58:44.986Z] [runtime-status] [6817] firebase-functions has been stubbed. {"functionsResolution":{"declared":true,"installed":true,"version":"3.14.1","resolution":"/Users/apco/Desktop/projects/amazon-clone/functions/node_modules/firebase-functions/lib/index.js"}} {"metadata":{"emulator":{"name":"functions"},"function":{"name":"api"},"message":"[runtime-status] [6817] firebase-functions has been stubbed. {\"functionsResolution\":{\"declared\":true,\"installed\":true,\"version\":\"3.14.1\",\"resolution\":\"/Users/apco/Desktop/projects/amazon-clone/functions/node_modules/firebase-functions/lib/index.js\"}}"}}
[debug] [2021-06-03T10:58:44.986Z] [runtime-status] [6817] Resolved module firebase-functions {"declared":true,"installed":true,"version":"3.14.1","resolution":"/Users/apco/Desktop/projects/amazon-clone/functions/node_modules/firebase-functions/lib/index.js"} {"metadata":{"emulator":{"name":"functions"},"function":{"name":"api"},"message":"[runtime-status] [6817] Resolved module firebase-functions {\"declared\":true,\"installed\":true,\"version\":\"3.14.1\",\"resolution\":\"/Users/apco/Desktop/projects/amazon-clone/functions/node_modules/firebase-functions/lib/index.js\"}"}}
[debug] [2021-06-03T10:58:44.987Z] [runtime-status] [6817] Resolved module firebase-admin {"declared":true,"installed":true,"version":"9.9.0","resolution":"/Users/apco/Desktop/projects/amazon-clone/functions/node_modules/firebase-admin/lib/index.js"} {"metadata":{"emulator":{"name":"functions"},"function":{"name":"api"},"message":"[runtime-status] [6817] Resolved module firebase-admin {\"declared\":true,\"installed\":true,\"version\":\"9.9.0\",\"resolution\":\"/Users/apco/Desktop/projects/amazon-clone/functions/node_modules/firebase-admin/lib/index.js\"}"}}
[debug] [2021-06-03T10:58:44.988Z] [runtime-status] [6817] Resolved module firebase-functions {"declared":true,"installed":true,"version":"3.14.1","resolution":"/Users/apco/Desktop/projects/amazon-clone/functions/node_modules/firebase-functions/lib/index.js"} {"metadata":{"emulator":{"name":"functions"},"function":{"name":"api"},"message":"[runtime-status] [6817] Resolved module firebase-functions {\"declared\":true,\"installed\":true,\"version\":\"3.14.1\",\"resolution\":\"/Users/apco/Desktop/projects/amazon-clone/functions/node_modules/firebase-functions/lib/index.js\"}"}}
[debug] [2021-06-03T10:58:44.988Z] [runtime-status] [6817] firebase-admin has been stubbed. {"adminResolution":{"declared":true,"installed":true,"version":"9.9.0","resolution":"/Users/apco/Desktop/projects/amazon-clone/functions/node_modules/firebase-admin/lib/index.js"}} {"metadata":{"emulator":{"name":"functions"},"function":{"name":"api"},"message":"[runtime-status] [6817] firebase-admin has been stubbed. {\"adminResolution\":{\"declared\":true,\"installed\":true,\"version\":\"9.9.0\",\"resolution\":\"/Users/apco/Desktop/projects/amazon-clone/functions/node_modules/firebase-admin/lib/index.js\"}}"}}
[debug] [2021-06-03T10:58:45.066Z] [runtime-status] [6817] Trigger "api" has been found, beginning invocation! {"metadata":{"emulator":{"name":"functions"},"function":{"name":"api"},"message":"[runtime-status] [6817] Trigger \"api\" has been found, beginning invocation!"}}
[info] i  functions: Beginning execution of "api" {"metadata":{"emulator":{"name":"functions"},"function":{"name":"api"},"message":"Beginning execution of \"api\""}}
[debug] [2021-06-03T10:58:45.066Z] [runtime-status] [6817] triggerDefinition {"httpsTrigger":{},"name":"api","entryPoint":"api"} {"metadata":{"emulator":{"name":"functions"},"function":{"name":"api"},"message":"[runtime-status] [6817] triggerDefinition {\"httpsTrigger\":{},\"name\":\"api\",\"entryPoint\":\"api\"}"}}
[debug] [2021-06-03T10:58:45.066Z] [runtime-status] [6817] Running api in mode HTTPS {"metadata":{"emulator":{"name":"functions"},"function":{"name":"api"},"message":"[runtime-status] [6817] Running api in mode HTTPS"}}
[debug] [2021-06-03T10:58:45.075Z] [runtime-status] [6817] Attempting to listen to socketPath: /var/folders/9b/kzvz56p946bdfrfv910p2x6r0000gn/T/fire_emu_6817.sock {"metadata":{"emulator":{"name":"functions"},"function":{"name":"api"},"message":"[runtime-status] [6817] Attempting to listen to socketPath: /var/folders/9b/kzvz56p946bdfrfv910p2x6r0000gn/T/fire_emu_6817.sock"}}
[debug] [2021-06-03T10:58:45.076Z] [functions] Runtime ready! Sending request! {"metadata":{"emulator":{"name":"functions"},"message":"[functions] Runtime ready! Sending request!"}}
[debug] [2021-06-03T10:58:45.076Z] [functions] Got req.url=/vp-emazon-clone/us-central1/api/payments/create?total=0, mapping to path=/payments/create?total=0 {"metadata":{"emulator":{"name":"functions"},"message":"[functions] Got req.url=/vp-emazon-clone/us-central1/api/payments/create?total=0, mapping to path=/payments/create?total=0"}}
[debug] [2021-06-03T10:58:45.083Z] [runtime-status] [6817] Ephemeral server handling POST request {"metadata":{"emulator":{"name":"functions"},"function":{"name":"api"},"message":"[runtime-status] [6817] Ephemeral server handling POST request"}}
[info] >  Payment Request Recieved BOOM!!! for this amount >>>  0 {"user":"Payment Request Recieved BOOM!!! for this amount >>>  0","metadata":{"emulator":{"name":"functions"},"function":{"name":"api"},"message":"\u001b[90m> \u001b[39m Payment Request Recieved BOOM!!! for this amount >>>  0"}}
[debug] [2021-06-03T10:58:45.103Z] [runtime-status] [6817] Ephemeral server survived. {"metadata":{"emulator":{"name":"functions"},"function":{"name":"api"},"message":"[runtime-status] [6817] Ephemeral server survived."}}
[info] >  /Users/apco/Desktop/projects/amazon-clone/functions/node_modules/stripe/lib/Error.js:40 {"user":"/Users/apco/Desktop/projects/amazon-clone/functions/node_modules/stripe/lib/Error.js:40","metadata":{"emulator":{"name":"functions"},"function":{"name":"api"},"message":"\u001b[90m> \u001b[39m /Users/apco/Desktop/projects/amazon-clone/functions/node_modules/stripe/lib/Error.js:40"}}
[info] >          return new StripeInvalidRequestError(rawStripeError); {"user":"        return new StripeInvalidRequestError(rawStripeError);","metadata":{"emulator":{"name":"functions"},"function":{"name":"api"},"message":"\u001b[90m> \u001b[39m         return new StripeInvalidRequestError(rawStripeError);"}}
[info] >                 ^ {"user":"               ^","metadata":{"emulator":{"name":"functions"},"function":{"name":"api"},"message":"\u001b[90m> \u001b[39m                ^"}}
[info] >   {"user":"","metadata":{"emulator":{"name":"functions"},"function":{"name":"api"},"message":"\u001b[90m> \u001b[39m "}}
[info] >  StripeInvalidRequestError: This value must be greater than or equal to 1. {"user":"StripeInvalidRequestError: This value must be greater than or equal to 1.","metadata":{"emulator":{"name":"functions"},"function":{"name":"api"},"message":"\u001b[90m> \u001b[39m StripeInvalidRequestError: This value must be greater than or equal to 1."}}
[info] >      at Function.generate (/Users/apco/Desktop/projects/amazon-clone/functions/node_modules/stripe/lib/Error.js:40:16) {"user":"    at Function.generate (/Users/apco/Desktop/projects/amazon-clone/functions/node_modules/stripe/lib/Error.js:40:16)","metadata":{"emulator":{"name":"functions"},"function":{"name":"api"},"message":"\u001b[90m> \u001b[39m     at Function.generate (/Users/apco/Desktop/projects/amazon-clone/functions/node_modules/stripe/lib/Error.js:40:16)"}}
[info] >      at IncomingMessage.<anonymous> (/Users/apco/Desktop/projects/amazon-clone/functions/node_modules/stripe/lib/StripeResource.js:180:33) {"user":"    at IncomingMessage.<anonymous> (/Users/apco/Desktop/projects/amazon-clone/functions/node_modules/stripe/lib/StripeResource.js:180:33)","metadata":{"emulator":{"name":"functions"},"function":{"name":"api"},"message":"\u001b[90m> \u001b[39m     at IncomingMessage.<anonymous> (/Users/apco/Desktop/projects/amazon-clone/functions/node_modules/stripe/lib/StripeResource.js:180:33)"}}
[info] >      at Object.onceWrapper (node:events:484:28) {"user":"    at Object.onceWrapper (node:events:484:28)","metadata":{"emulator":{"name":"functions"},"function":{"name":"api"},"message":"\u001b[90m> \u001b[39m     at Object.onceWrapper (node:events:484:28)"}}
[info] >      at IncomingMessage.emit (node:events:390:22) {"user":"    at IncomingMessage.emit (node:events:390:22)","metadata":{"emulator":{"name":"functions"},"function":{"name":"api"},"message":"\u001b[90m> \u001b[39m     at IncomingMessage.emit (node:events:390:22)"}}
[info] >      at endReadableNT (node:internal/streams/readable:1307:12) {"user":"    at endReadableNT (node:internal/streams/readable:1307:12)","metadata":{"emulator":{"name":"functions"},"function":{"name":"api"},"message":"\u001b[90m> \u001b[39m     at endReadableNT (node:internal/streams/readable:1307:12)"}}
[info] >      at processTicksAndRejections (node:internal/process/task_queues:81:21) { {"user":"    at processTicksAndRejections (node:internal/process/task_queues:81:21) {","metadata":{"emulator":{"name":"functions"},"function":{"name":"api"},"message":"\u001b[90m> \u001b[39m     at processTicksAndRejections (node:internal/process/task_queues:81:21) {"}}
[info] >    type: 'StripeInvalidRequestError', {"user":"  type: 'StripeInvalidRequestError',","metadata":{"emulator":{"name":"functions"},"function":{"name":"api"},"message":"\u001b[90m> \u001b[39m   type: 'StripeInvalidRequestError',"}}
[info] >    raw: { {"user":"  raw: {","metadata":{"emulator":{"name":"functions"},"function":{"name":"api"},"message":"\u001b[90m> \u001b[39m   raw: {"}}
[info] >      code: 'parameter_invalid_integer', {"user":"    code: 'parameter_invalid_integer',","metadata":{"emulator":{"name":"functions"},"function":{"name":"api"},"message":"\u001b[90m> \u001b[39m     code: 'parameter_invalid_integer',"}}
[info] >      doc_url: 'https://stripe.com/docs/error-codes/parameter-invalid-integer', {"user":"    doc_url: 'https://stripe.com/docs/error-codes/parameter-invalid-integer',","metadata":{"emulator":{"name":"functions"},"function":{"name":"api"},"message":"\u001b[90m> \u001b[39m     doc_url: 'https://stripe.com/docs/error-codes/parameter-invalid-integer',"}}
[info] >      message: 'This value must be greater than or equal to 1.', {"user":"    message: 'This value must be greater than or equal to 1.',","metadata":{"emulator":{"name":"functions"},"function":{"name":"api"},"message":"\u001b[90m> \u001b[39m     message: 'This value must be greater than or equal to 1.',"}}
[info] >      param: 'amount', {"user":"    param: 'amount',","metadata":{"emulator":{"name":"functions"},"function":{"name":"api"},"message":"\u001b[90m> \u001b[39m     param: 'amount',"}}
[info] >      type: 'invalid_request_error', {"user":"    type: 'invalid_request_error',","metadata":{"emulator":{"name":"functions"},"function":{"name":"api"},"message":"\u001b[90m> \u001b[39m     type: 'invalid_request_error',"}}
[info] >      headers: { {"user":"    headers: {","metadata":{"emulator":{"name":"functions"},"function":{"name":"api"},"message":"\u001b[90m> \u001b[39m     headers: {"}}
[info] >        server: 'nginx', {"user":"      server: 'nginx',","metadata":{"emulator":{"name":"functions"},"function":{"name":"api"},"message":"\u001b[90m> \u001b[39m       server: 'nginx',"}}
[info] >        date: 'Thu, 03 Jun 2021 10:58:45 GMT', {"user":"      date: 'Thu, 03 Jun 2021 10:58:45 GMT',","metadata":{"emulator":{"name":"functions"},"function":{"name":"api"},"message":"\u001b[90m> \u001b[39m       date: 'Thu, 03 Jun 2021 10:58:45 GMT',"}}
[info] >        'content-type': 'application/json', {"user":"      'content-type': 'application/json',","metadata":{"emulator":{"name":"functions"},"function":{"name":"api"},"message":"\u001b[90m> \u001b[39m       'content-type': 'application/json',"}}
[info] >        'content-length': '266', {"user":"      'content-length': '266',","metadata":{"emulator":{"name":"functions"},"function":{"name":"api"},"message":"\u001b[90m> \u001b[39m       'content-length': '266',"}}
[info] >        connection: 'keep-alive', {"user":"      connection: 'keep-alive',","metadata":{"emulator":{"name":"functions"},"function":{"name":"api"},"message":"\u001b[90m> \u001b[39m       connection: 'keep-alive',"}}
[info] >        'access-control-allow-credentials': 'true', {"user":"      'access-control-allow-credentials': 'true',","metadata":{"emulator":{"name":"functions"},"function":{"name":"api"},"message":"\u001b[90m> \u001b[39m       'access-control-allow-credentials': 'true',"}}
[info] >        'access-control-allow-methods': 'GET, POST, HEAD, OPTIONS, DELETE', {"user":"      'access-control-allow-methods': 'GET, POST, HEAD, OPTIONS, DELETE',","metadata":{"emulator":{"name":"functions"},"function":{"name":"api"},"message":"\u001b[90m> \u001b[39m       'access-control-allow-methods': 'GET, POST, HEAD, OPTIONS, DELETE',"}}
[info] >        'access-control-allow-origin': '*', {"user":"      'access-control-allow-origin': '*',","metadata":{"emulator":{"name":"functions"},"function":{"name":"api"},"message":"\u001b[90m> \u001b[39m       'access-control-allow-origin': '*',"}}
[info] >        'access-control-expose-headers': 'Request-Id, Stripe-Manage-Version, X-Stripe-External-Auth-Required, X-Stripe-Privileged-Session-Required', {"user":"      'access-control-expose-headers': 'Request-Id, Stripe-Manage-Version, X-Stripe-External-Auth-Required, X-Stripe-Privileged-Session-Required',","metadata":{"emulator":{"name":"functions"},"function":{"name":"api"},"message":"\u001b[90m> \u001b[39m       'access-control-expose-headers': 'Request-Id, Stripe-Manage-Version, X-Stripe-External-Auth-Required, X-Stripe-Privileged-Session-Required',"}}
[info] >        'access-control-max-age': '300', {"user":"      'access-control-max-age': '300',","metadata":{"emulator":{"name":"functions"},"function":{"name":"api"},"message":"\u001b[90m> \u001b[39m       'access-control-max-age': '300',"}}
[info] >        'cache-control': 'no-cache, no-store', {"user":"      'cache-control': 'no-cache, no-store',","metadata":{"emulator":{"name":"functions"},"function":{"name":"api"},"message":"\u001b[90m> \u001b[39m       'cache-control': 'no-cache, no-store',"}}
[info] >        'request-id': 'req_QWRVuADdaRlOek', {"user":"      'request-id': 'req_QWRVuADdaRlOek',","metadata":{"emulator":{"name":"functions"},"function":{"name":"api"},"message":"\u001b[90m> \u001b[39m       'request-id': 'req_QWRVuADdaRlOek',"}}
[info] >        'stripe-version': '2020-08-27', {"user":"      'stripe-version': '2020-08-27',","metadata":{"emulator":{"name":"functions"},"function":{"name":"api"},"message":"\u001b[90m> \u001b[39m       'stripe-version': '2020-08-27',"}}
[info] >        'x-stripe-c-cost': '0', {"user":"      'x-stripe-c-cost': '0',","metadata":{"emulator":{"name":"functions"},"function":{"name":"api"},"message":"\u001b[90m> \u001b[39m       'x-stripe-c-cost': '0',"}}
[info] >        'strict-transport-security': 'max-age=31556926; includeSubDomains; preload' {"user":"      'strict-transport-security': 'max-age=31556926; includeSubDomains; preload'","metadata":{"emulator":{"name":"functions"},"function":{"name":"api"},"message":"\u001b[90m> \u001b[39m       'strict-transport-security': 'max-age=31556926; includeSubDomains; preload'"}}
[info] >      }, {"user":"    },","metadata":{"emulator":{"name":"functions"},"function":{"name":"api"},"message":"\u001b[90m> \u001b[39m     },"}}
[info] >      statusCode: 400, {"user":"    statusCode: 400,","metadata":{"emulator":{"name":"functions"},"function":{"name":"api"},"message":"\u001b[90m> \u001b[39m     statusCode: 400,"}}
[info] >      requestId: 'req_QWRVuADdaRlOek' {"user":"    requestId: 'req_QWRVuADdaRlOek'","metadata":{"emulator":{"name":"functions"},"function":{"name":"api"},"message":"\u001b[90m> \u001b[39m     requestId: 'req_QWRVuADdaRlOek'"}}
[info] >    }, {"user":"  },","metadata":{"emulator":{"name":"functions"},"function":{"name":"api"},"message":"\u001b[90m> \u001b[39m   },"}}
[info] >    rawType: 'invalid_request_error', {"user":"  rawType: 'invalid_request_error',","metadata":{"emulator":{"name":"functions"},"function":{"name":"api"},"message":"\u001b[90m> \u001b[39m   rawType: 'invalid_request_error',"}}
[info] >    code: 'parameter_invalid_integer', {"user":"  code: 'parameter_invalid_integer',","metadata":{"emulator":{"name":"functions"},"function":{"name":"api"},"message":"\u001b[90m> \u001b[39m   code: 'parameter_invalid_integer',"}}
[info] >    doc_url: 'https://stripe.com/docs/error-codes/parameter-invalid-integer', {"user":"  doc_url: 'https://stripe.com/docs/error-codes/parameter-invalid-integer',","metadata":{"emulator":{"name":"functions"},"function":{"name":"api"},"message":"\u001b[90m> \u001b[39m   doc_url: 'https://stripe.com/docs/error-codes/parameter-invalid-integer',"}}
[info] >    param: 'amount', {"user":"  param: 'amount',","metadata":{"emulator":{"name":"functions"},"function":{"name":"api"},"message":"\u001b[90m> \u001b[39m   param: 'amount',"}}
[info] >    detail: undefined, {"user":"  detail: undefined,","metadata":{"emulator":{"name":"functions"},"function":{"name":"api"},"message":"\u001b[90m> \u001b[39m   detail: undefined,"}}
[info] >    headers: { {"user":"  headers: {","metadata":{"emulator":{"name":"functions"},"function":{"name":"api"},"message":"\u001b[90m> \u001b[39m   headers: {"}}
[info] >      server: 'nginx', {"user":"    server: 'nginx',","metadata":{"emulator":{"name":"functions"},"function":{"name":"api"},"message":"\u001b[90m> \u001b[39m     server: 'nginx',"}}
[info] >      date: 'Thu, 03 Jun 2021 10:58:45 GMT', {"user":"    date: 'Thu, 03 Jun 2021 10:58:45 GMT',","metadata":{"emulator":{"name":"functions"},"function":{"name":"api"},"message":"\u001b[90m> \u001b[39m     date: 'Thu, 03 Jun 2021 10:58:45 GMT',"}}
[info] >      'content-type': 'application/json', {"user":"    'content-type': 'application/json',","metadata":{"emulator":{"name":"functions"},"function":{"name":"api"},"message":"\u001b[90m> \u001b[39m     'content-type': 'application/json',"}}
[info] >      'content-length': '266', {"user":"    'content-length': '266',","metadata":{"emulator":{"name":"functions"},"function":{"name":"api"},"message":"\u001b[90m> \u001b[39m     'content-length': '266',"}}
[info] >      connection: 'keep-alive', {"user":"    connection: 'keep-alive',","metadata":{"emulator":{"name":"functions"},"function":{"name":"api"},"message":"\u001b[90m> \u001b[39m     connection: 'keep-alive',"}}
[info] >      'access-control-allow-credentials': 'true', {"user":"    'access-control-allow-credentials': 'true',","metadata":{"emulator":{"name":"functions"},"function":{"name":"api"},"message":"\u001b[90m> \u001b[39m     'access-control-allow-credentials': 'true',"}}
[info] >      'access-control-allow-methods': 'GET, POST, HEAD, OPTIONS, DELETE', {"user":"    'access-control-allow-methods': 'GET, POST, HEAD, OPTIONS, DELETE',","metadata":{"emulator":{"name":"functions"},"function":{"name":"api"},"message":"\u001b[90m> \u001b[39m     'access-control-allow-methods': 'GET, POST, HEAD, OPTIONS, DELETE',"}}
[info] >      'access-control-allow-origin': '*', {"user":"    'access-control-allow-origin': '*',","metadata":{"emulator":{"name":"functions"},"function":{"name":"api"},"message":"\u001b[90m> \u001b[39m     'access-control-allow-origin': '*',"}}
[info] >      'access-control-expose-headers': 'Request-Id, Stripe-Manage-Version, X-Stripe-External-Auth-Required, X-Stripe-Privileged-Session-Required', {"user":"    'access-control-expose-headers': 'Request-Id, Stripe-Manage-Version, X-Stripe-External-Auth-Required, X-Stripe-Privileged-Session-Required',","metadata":{"emulator":{"name":"functions"},"function":{"name":"api"},"message":"\u001b[90m> \u001b[39m     'access-control-expose-headers': 'Request-Id, Stripe-Manage-Version, X-Stripe-External-Auth-Required, X-Stripe-Privileged-Session-Required',"}}
[info] >      'access-control-max-age': '300', {"user":"    'access-control-max-age': '300',","metadata":{"emulator":{"name":"functions"},"function":{"name":"api"},"message":"\u001b[90m> \u001b[39m     'access-control-max-age': '300',"}}
[info] >      'cache-control': 'no-cache, no-store', {"user":"    'cache-control': 'no-cache, no-store',","metadata":{"emulator":{"name":"functions"},"function":{"name":"api"},"message":"\u001b[90m> \u001b[39m     'cache-control': 'no-cache, no-store',"}}
[info] >      'request-id': 'req_QWRVuADdaRlOek', {"user":"    'request-id': 'req_QWRVuADdaRlOek',","metadata":{"emulator":{"name":"functions"},"function":{"name":"api"},"message":"\u001b[90m> \u001b[39m     'request-id': 'req_QWRVuADdaRlOek',"}}
[info] >      'stripe-version': '2020-08-27', {"user":"    'stripe-version': '2020-08-27',","metadata":{"emulator":{"name":"functions"},"function":{"name":"api"},"message":"\u001b[90m> \u001b[39m     'stripe-version': '2020-08-27',"}}
[info] >      'x-stripe-c-cost': '0', {"user":"    'x-stripe-c-cost': '0',","metadata":{"emulator":{"name":"functions"},"function":{"name":"api"},"message":"\u001b[90m> \u001b[39m     'x-stripe-c-cost': '0',"}}
[info] >      'strict-transport-security': 'max-age=31556926; includeSubDomains; preload' {"user":"    'strict-transport-security': 'max-age=31556926; includeSubDomains; preload'","metadata":{"emulator":{"name":"functions"},"function":{"name":"api"},"message":"\u001b[90m> \u001b[39m     'strict-transport-security': 'max-age=31556926; includeSubDomains; preload'"}}
[info] >    }, {"user":"  },","metadata":{"emulator":{"name":"functions"},"function":{"name":"api"},"message":"\u001b[90m> \u001b[39m   },"}}
[info] >    requestId: 'req_QWRVuADdaRlOek', {"user":"  requestId: 'req_QWRVuADdaRlOek',","metadata":{"emulator":{"name":"functions"},"function":{"name":"api"},"message":"\u001b[90m> \u001b[39m   requestId: 'req_QWRVuADdaRlOek',"}}
[info] >    statusCode: 400, {"user":"  statusCode: 400,","metadata":{"emulator":{"name":"functions"},"function":{"name":"api"},"message":"\u001b[90m> \u001b[39m   statusCode: 400,"}}
[info] >    charge: undefined, {"user":"  charge: undefined,","metadata":{"emulator":{"name":"functions"},"function":{"name":"api"},"message":"\u001b[90m> \u001b[39m   charge: undefined,"}}
[info] >    decline_code: undefined, {"user":"  decline_code: undefined,","metadata":{"emulator":{"name":"functions"},"function":{"name":"api"},"message":"\u001b[90m> \u001b[39m   decline_code: undefined,"}}
[info] >    payment_intent: undefined, {"user":"  payment_intent: undefined,","metadata":{"emulator":{"name":"functions"},"function":{"name":"api"},"message":"\u001b[90m> \u001b[39m   payment_intent: undefined,"}}
[info] >    payment_method: undefined, {"user":"  payment_method: undefined,","metadata":{"emulator":{"name":"functions"},"function":{"name":"api"},"message":"\u001b[90m> \u001b[39m   payment_method: undefined,"}}
[info] >    payment_method_type: undefined, {"user":"  payment_method_type: undefined,","metadata":{"emulator":{"name":"functions"},"function":{"name":"api"},"message":"\u001b[90m> \u001b[39m   payment_method_type: undefined,"}}
[info] >    setup_intent: undefined, {"user":"  setup_intent: undefined,","metadata":{"emulator":{"name":"functions"},"function":{"name":"api"},"message":"\u001b[90m> \u001b[39m   setup_intent: undefined,"}}
[info] >    source: undefined {"user":"  source: undefined","metadata":{"emulator":{"name":"functions"},"function":{"name":"api"},"message":"\u001b[90m> \u001b[39m   source: undefined"}}
[info] >  } {"user":"}","metadata":{"emulator":{"name":"functions"},"function":{"name":"api"},"message":"\u001b[90m> \u001b[39m }"}}
[debug] [2021-06-03T10:58:45.634Z] [worker-api-bf7b553a-64f1-4638-b049-f457c1ba6c3f]: exited {"metadata":{"emulator":{"name":"functions"},"message":"[worker-api-bf7b553a-64f1-4638-b049-f457c1ba6c3f]: exited"}}
[debug] [2021-06-03T10:58:45.634Z] [worker-api-bf7b553a-64f1-4638-b049-f457c1ba6c3f]: FINISHED {"metadata":{"emulator":{"name":"functions"},"message":"[worker-api-bf7b553a-64f1-4638-b049-f457c1ba6c3f]: FINISHED"}}
[debug] [2021-06-03T10:58:45.635Z] [work-queue] {"queueLength":0,"workRunningCount":0}
[debug] [2021-06-03T10:58:55.326Z] [work-queue] {"queueLength":1,"workRunningCount":0}
[debug] [2021-06-03T10:58:55.327Z] [work-queue] {"queueLength":0,"workRunningCount":1}
[debug] [2021-06-03T10:58:55.327Z] Accepted request POST /vp-emazon-clone/us-central1/api/payments/create?total=19999 --> api
[debug] [2021-06-03T10:58:55.329Z] [worker-pool] Cleaned up workers for api: 1 --> 0 {"metadata":{"emulator":{"name":"functions"},"message":"[worker-pool] Cleaned up workers for api: 1 --> 0"}}
[debug] [2021-06-03T10:58:55.336Z] [worker-pool] addWorker(api) {"metadata":{"emulator":{"name":"functions"},"message":"[worker-pool] addWorker(api)"}}
[debug] [2021-06-03T10:58:55.338Z] [worker-pool] Adding worker with key api, total=1 {"metadata":{"emulator":{"name":"functions"},"message":"[worker-pool] Adding worker with key api, total=1"}}
[debug] [2021-06-03T10:58:55.338Z] [worker-pool] submitWork(triggerId=api) {"metadata":{"emulator":{"name":"functions"},"message":"[worker-pool] submitWork(triggerId=api)"}}
[debug] [2021-06-03T10:58:55.338Z] [worker-api-d9c7c1b0-f819-4064-b0c2-e727764ced64]: Assigning socketPath: /var/folders/9b/kzvz56p946bdfrfv910p2x6r0000gn/T/fire_emu_6827.sock {"metadata":{"emulator":{"name":"functions"},"message":"[worker-api-d9c7c1b0-f819-4064-b0c2-e727764ced64]: Assigning socketPath: /var/folders/9b/kzvz56p946bdfrfv910p2x6r0000gn/T/fire_emu_6827.sock"}}
[debug] [2021-06-03T10:58:55.339Z] [worker-api-d9c7c1b0-f819-4064-b0c2-e727764ced64]: BUSY {"metadata":{"emulator":{"name":"functions"},"message":"[worker-api-d9c7c1b0-f819-4064-b0c2-e727764ced64]: BUSY"}}
[debug] [2021-06-03T10:58:55.452Z] [runtime-status] [6827] Functions runtime initialized. {"cwd":"/Users/apco/Desktop/projects/amazon-clone/functions","node_version":"15.11.0"} {"metadata":{"emulator":{"name":"functions"},"function":{"name":"api"},"message":"[runtime-status] [6827] Functions runtime initialized. {\"cwd\":\"/Users/apco/Desktop/projects/amazon-clone/functions\",\"node_version\":\"15.11.0\"}"}}
[debug] [2021-06-03T10:58:55.453Z] [runtime-status] [6827] Disabled runtime features: undefined {"metadata":{"emulator":{"name":"functions"},"function":{"name":"api"},"message":"[runtime-status] [6827] Disabled runtime features: undefined"}}
[debug] [2021-06-03T10:58:55.455Z] [runtime-status] [6827] Resolved module firebase-admin {"declared":true,"installed":true,"version":"9.9.0","resolution":"/Users/apco/Desktop/projects/amazon-clone/functions/node_modules/firebase-admin/lib/index.js"} {"metadata":{"emulator":{"name":"functions"},"function":{"name":"api"},"message":"[runtime-status] [6827] Resolved module firebase-admin {\"declared\":true,\"installed\":true,\"version\":\"9.9.0\",\"resolution\":\"/Users/apco/Desktop/projects/amazon-clone/functions/node_modules/firebase-admin/lib/index.js\"}"}}
[debug] [2021-06-03T10:58:55.460Z] [runtime-status] [6827] Resolved module firebase-functions {"declared":true,"installed":true,"version":"3.14.1","resolution":"/Users/apco/Desktop/projects/amazon-clone/functions/node_modules/firebase-functions/lib/index.js"} {"metadata":{"emulator":{"name":"functions"},"function":{"name":"api"},"message":"[runtime-status] [6827] Resolved module firebase-functions {\"declared\":true,\"installed\":true,\"version\":\"3.14.1\",\"resolution\":\"/Users/apco/Desktop/projects/amazon-clone/functions/node_modules/firebase-functions/lib/index.js\"}"}}
[debug] [2021-06-03T10:58:55.462Z] [runtime-status] [6827] Resolved module firebase-functions {"declared":true,"installed":true,"version":"3.14.1","resolution":"/Users/apco/Desktop/projects/amazon-clone/functions/node_modules/firebase-functions/lib/index.js"} {"metadata":{"emulator":{"name":"functions"},"function":{"name":"api"},"message":"[runtime-status] [6827] Resolved module firebase-functions {\"declared\":true,\"installed\":true,\"version\":\"3.14.1\",\"resolution\":\"/Users/apco/Desktop/projects/amazon-clone/functions/node_modules/firebase-functions/lib/index.js\"}"}}
[debug] [2021-06-03T10:58:55.463Z] [runtime-status] [6827] Outgoing network have been stubbed. [{"name":"http","status":"mocked"},{"name":"http","status":"mocked"},{"name":"https","status":"mocked"},{"name":"https","status":"mocked"},{"name":"net","status":"mocked"}] {"metadata":{"emulator":{"name":"functions"},"function":{"name":"api"},"message":"[runtime-status] [6827] Outgoing network have been stubbed. [{\"name\":\"http\",\"status\":\"mocked\"},{\"name\":\"http\",\"status\":\"mocked\"},{\"name\":\"https\",\"status\":\"mocked\"},{\"name\":\"https\",\"status\":\"mocked\"},{\"name\":\"net\",\"status\":\"mocked\"}]"}}
[debug] [2021-06-03T10:58:55.463Z] [runtime-status] [6827] Resolved module firebase-functions {"declared":true,"installed":true,"version":"3.14.1","resolution":"/Users/apco/Desktop/projects/amazon-clone/functions/node_modules/firebase-functions/lib/index.js"} {"metadata":{"emulator":{"name":"functions"},"function":{"name":"api"},"message":"[runtime-status] [6827] Resolved module firebase-functions {\"declared\":true,\"installed\":true,\"version\":\"3.14.1\",\"resolution\":\"/Users/apco/Desktop/projects/amazon-clone/functions/node_modules/firebase-functions/lib/index.js\"}"}}
[debug] [2021-06-03T10:58:55.489Z] [runtime-status] [6827] Checked functions.config() {"config":{}} {"metadata":{"emulator":{"name":"functions"},"function":{"name":"api"},"message":"[runtime-status] [6827] Checked functions.config() {\"config\":{}}"}}
[debug] [2021-06-03T10:58:55.489Z] [runtime-status] [6827] firebase-functions has been stubbed. {"functionsResolution":{"declared":true,"installed":true,"version":"3.14.1","resolution":"/Users/apco/Desktop/projects/amazon-clone/functions/node_modules/firebase-functions/lib/index.js"}} {"metadata":{"emulator":{"name":"functions"},"function":{"name":"api"},"message":"[runtime-status] [6827] firebase-functions has been stubbed. {\"functionsResolution\":{\"declared\":true,\"installed\":true,\"version\":\"3.14.1\",\"resolution\":\"/Users/apco/Desktop/projects/amazon-clone/functions/node_modules/firebase-functions/lib/index.js\"}}"}}
[debug] [2021-06-03T10:58:55.489Z] [runtime-status] [6827] Resolved module firebase-functions {"declared":true,"installed":true,"version":"3.14.1","resolution":"/Users/apco/Desktop/projects/amazon-clone/functions/node_modules/firebase-functions/lib/index.js"} {"metadata":{"emulator":{"name":"functions"},"function":{"name":"api"},"message":"[runtime-status] [6827] Resolved module firebase-functions {\"declared\":true,\"installed\":true,\"version\":\"3.14.1\",\"resolution\":\"/Users/apco/Desktop/projects/amazon-clone/functions/node_modules/firebase-functions/lib/index.js\"}"}}
[debug] [2021-06-03T10:58:55.490Z] [runtime-status] [6827] Resolved module firebase-admin {"declared":true,"installed":true,"version":"9.9.0","resolution":"/Users/apco/Desktop/projects/amazon-clone/functions/node_modules/firebase-admin/lib/index.js"} {"metadata":{"emulator":{"name":"functions"},"function":{"name":"api"},"message":"[runtime-status] [6827] Resolved module firebase-admin {\"declared\":true,\"installed\":true,\"version\":\"9.9.0\",\"resolution\":\"/Users/apco/Desktop/projects/amazon-clone/functions/node_modules/firebase-admin/lib/index.js\"}"}}
[debug] [2021-06-03T10:58:55.490Z] [runtime-status] [6827] Resolved module firebase-functions {"declared":true,"installed":true,"version":"3.14.1","resolution":"/Users/apco/Desktop/projects/amazon-clone/functions/node_modules/firebase-functions/lib/index.js"} {"metadata":{"emulator":{"name":"functions"},"function":{"name":"api"},"message":"[runtime-status] [6827] Resolved module firebase-functions {\"declared\":true,\"installed\":true,\"version\":\"3.14.1\",\"resolution\":\"/Users/apco/Desktop/projects/amazon-clone/functions/node_modules/firebase-functions/lib/index.js\"}"}}
[debug] [2021-06-03T10:58:55.491Z] [runtime-status] [6827] firebase-admin has been stubbed. {"adminResolution":{"declared":true,"installed":true,"version":"9.9.0","resolution":"/Users/apco/Desktop/projects/amazon-clone/functions/node_modules/firebase-admin/lib/index.js"}} {"metadata":{"emulator":{"name":"functions"},"function":{"name":"api"},"message":"[runtime-status] [6827] firebase-admin has been stubbed. {\"adminResolution\":{\"declared\":true,\"installed\":true,\"version\":\"9.9.0\",\"resolution\":\"/Users/apco/Desktop/projects/amazon-clone/functions/node_modules/firebase-admin/lib/index.js\"}}"}}
[debug] [2021-06-03T10:58:55.551Z] [runtime-status] [6827] Trigger "api" has been found, beginning invocation! {"metadata":{"emulator":{"name":"functions"},"function":{"name":"api"},"message":"[runtime-status] [6827] Trigger \"api\" has been found, beginning invocation!"}}
[info] i  functions: Beginning execution of "api" {"metadata":{"emulator":{"name":"functions"},"function":{"name":"api"},"message":"Beginning execution of \"api\""}}
[debug] [2021-06-03T10:58:55.551Z] [runtime-status] [6827] triggerDefinition {"httpsTrigger":{},"name":"api","entryPoint":"api"} {"metadata":{"emulator":{"name":"functions"},"function":{"name":"api"},"message":"[runtime-status] [6827] triggerDefinition {\"httpsTrigger\":{},\"name\":\"api\",\"entryPoint\":\"api\"}"}}
[debug] [2021-06-03T10:58:55.551Z] [runtime-status] [6827] Running api in mode HTTPS {"metadata":{"emulator":{"name":"functions"},"function":{"name":"api"},"message":"[runtime-status] [6827] Running api in mode HTTPS"}}
[debug] [2021-06-03T10:58:55.552Z] [runtime-status] [6827] Attempting to listen to socketPath: /var/folders/9b/kzvz56p946bdfrfv910p2x6r0000gn/T/fire_emu_6827.sock {"metadata":{"emulator":{"name":"functions"},"function":{"name":"api"},"message":"[runtime-status] [6827] Attempting to listen to socketPath: /var/folders/9b/kzvz56p946bdfrfv910p2x6r0000gn/T/fire_emu_6827.sock"}}
[debug] [2021-06-03T10:58:55.554Z] [functions] Runtime ready! Sending request! {"metadata":{"emulator":{"name":"functions"},"message":"[functions] Runtime ready! Sending request!"}}
[debug] [2021-06-03T10:58:55.554Z] [functions] Got req.url=/vp-emazon-clone/us-central1/api/payments/create?total=19999, mapping to path=/payments/create?total=19999 {"metadata":{"emulator":{"name":"functions"},"message":"[functions] Got req.url=/vp-emazon-clone/us-central1/api/payments/create?total=19999, mapping to path=/payments/create?total=19999"}}
[debug] [2021-06-03T10:58:55.558Z] [runtime-status] [6827] Ephemeral server handling POST request {"metadata":{"emulator":{"name":"functions"},"function":{"name":"api"},"message":"[runtime-status] [6827] Ephemeral server handling POST request"}}
[info] >  Payment Request Recieved BOOM!!! for this amount >>>  19999 {"user":"Payment Request Recieved BOOM!!! for this amount >>>  19999","metadata":{"emulator":{"name":"functions"},"function":{"name":"api"},"message":"\u001b[90m> \u001b[39m Payment Request Recieved BOOM!!! for this amount >>>  19999"}}
[debug] [2021-06-03T10:58:55.564Z] [runtime-status] [6827] Ephemeral server survived. {"metadata":{"emulator":{"name":"functions"},"function":{"name":"api"},"message":"[runtime-status] [6827] Ephemeral server survived."}}
[info] i  functions: Finished "api" in ~1s {"metadata":{"emulator":{"name":"functions"},"function":{"name":"api"},"message":"Finished \"api\" in ~1s"}}
[debug] [2021-06-03T10:58:56.117Z] [worker-api-d9c7c1b0-f819-4064-b0c2-e727764ced64]: IDLE {"metadata":{"emulator":{"name":"functions"},"message":"[worker-api-d9c7c1b0-f819-4064-b0c2-e727764ced64]: IDLE"}}
[debug] [2021-06-03T10:58:56.117Z] [work-queue] {"queueLength":0,"workRunningCount":0}
[debug] [2021-06-03T11:01:38.135Z] [work-queue] {"queueLength":1,"workRunningCount":0}
[debug] [2021-06-03T11:01:38.136Z] [work-queue] {"queueLength":0,"workRunningCount":1}
[debug] [2021-06-03T11:01:38.137Z] Accepted request POST /vp-emazon-clone/us-central1/api/payments/create?total=119896 --> api
[debug] [2021-06-03T11:01:38.137Z] [worker-pool] submitWork(triggerId=api) {"metadata":{"emulator":{"name":"functions"},"message":"[worker-pool] submitWork(triggerId=api)"}}
[debug] [2021-06-03T11:01:38.137Z] [worker-api-d9c7c1b0-f819-4064-b0c2-e727764ced64]: Assigning socketPath: /var/folders/9b/kzvz56p946bdfrfv910p2x6r0000gn/T/fire_emu_6827.sock {"metadata":{"emulator":{"name":"functions"},"message":"[worker-api-d9c7c1b0-f819-4064-b0c2-e727764ced64]: Assigning socketPath: /var/folders/9b/kzvz56p946bdfrfv910p2x6r0000gn/T/fire_emu_6827.sock"}}
[debug] [2021-06-03T11:01:38.138Z] [worker-api-d9c7c1b0-f819-4064-b0c2-e727764ced64]: BUSY {"metadata":{"emulator":{"name":"functions"},"message":"[worker-api-d9c7c1b0-f819-4064-b0c2-e727764ced64]: BUSY"}}
[debug] [2021-06-03T11:01:38.142Z] [runtime-status] [6827] Trigger "api" has been found, beginning invocation! {"metadata":{"emulator":{"name":"functions"},"function":{"name":"api"},"message":"[runtime-status] [6827] Trigger \"api\" has been found, beginning invocation!"}}
[info] i  functions: Beginning execution of "api" {"metadata":{"emulator":{"name":"functions"},"function":{"name":"api"},"message":"Beginning execution of \"api\""}}
[debug] [2021-06-03T11:01:38.144Z] [runtime-status] [6827] triggerDefinition {"httpsTrigger":{},"name":"api","entryPoint":"api"} {"metadata":{"emulator":{"name":"functions"},"function":{"name":"api"},"message":"[runtime-status] [6827] triggerDefinition {\"httpsTrigger\":{},\"name\":\"api\",\"entryPoint\":\"api\"}"}}
[debug] [2021-06-03T11:01:38.144Z] [runtime-status] [6827] Running api in mode HTTPS {"metadata":{"emulator":{"name":"functions"},"function":{"name":"api"},"message":"[runtime-status] [6827] Running api in mode HTTPS"}}
[debug] [2021-06-03T11:01:38.144Z] [runtime-status] [6827] Attempting to listen to socketPath: /var/folders/9b/kzvz56p946bdfrfv910p2x6r0000gn/T/fire_emu_6827.sock {"metadata":{"emulator":{"name":"functions"},"function":{"name":"api"},"message":"[runtime-status] [6827] Attempting to listen to socketPath: /var/folders/9b/kzvz56p946bdfrfv910p2x6r0000gn/T/fire_emu_6827.sock"}}
[debug] [2021-06-03T11:01:38.147Z] [functions] Runtime ready! Sending request! {"metadata":{"emulator":{"name":"functions"},"message":"[functions] Runtime ready! Sending request!"}}
[debug] [2021-06-03T11:01:38.148Z] [functions] Got req.url=/vp-emazon-clone/us-central1/api/payments/create?total=119896, mapping to path=/payments/create?total=119896 {"metadata":{"emulator":{"name":"functions"},"message":"[functions] Got req.url=/vp-emazon-clone/us-central1/api/payments/create?total=119896, mapping to path=/payments/create?total=119896"}}
[debug] [2021-06-03T11:01:38.153Z] [runtime-status] [6827] Ephemeral server handling POST request {"metadata":{"emulator":{"name":"functions"},"function":{"name":"api"},"message":"[runtime-status] [6827] Ephemeral server handling POST request"}}
[info] >  Payment Request Recieved BOOM!!! for this amount >>>  119896 {"user":"Payment Request Recieved BOOM!!! for this amount >>>  119896","metadata":{"emulator":{"name":"functions"},"function":{"name":"api"},"message":"\u001b[90m> \u001b[39m Payment Request Recieved BOOM!!! for this amount >>>  119896"}}
[debug] [2021-06-03T11:01:38.156Z] [runtime-status] [6827] Ephemeral server survived. {"metadata":{"emulator":{"name":"functions"},"function":{"name":"api"},"message":"[runtime-status] [6827] Ephemeral server survived."}}
[info] i  functions: Finished "api" in ~1s {"metadata":{"emulator":{"name":"functions"},"function":{"name":"api"},"message":"Finished \"api\" in ~1s"}}
[debug] [2021-06-03T11:01:38.618Z] [worker-api-d9c7c1b0-f819-4064-b0c2-e727764ced64]: IDLE {"metadata":{"emulator":{"name":"functions"},"message":"[worker-api-d9c7c1b0-f819-4064-b0c2-e727764ced64]: IDLE"}}
[debug] [2021-06-03T11:01:38.618Z] [work-queue] {"queueLength":0,"workRunningCount":0}
[debug] [2021-06-03T11:03:13.719Z] [work-queue] {"queueLength":1,"workRunningCount":0}
[debug] [2021-06-03T11:03:13.719Z] [work-queue] {"queueLength":0,"workRunningCount":1}
[debug] [2021-06-03T11:03:13.719Z] Accepted request POST /vp-emazon-clone/us-central1/api/payments/create?total=122895 --> api
[debug] [2021-06-03T11:03:13.720Z] [worker-pool] submitWork(triggerId=api) {"metadata":{"emulator":{"name":"functions"},"message":"[worker-pool] submitWork(triggerId=api)"}}
[debug] [2021-06-03T11:03:13.721Z] [worker-api-d9c7c1b0-f819-4064-b0c2-e727764ced64]: Assigning socketPath: /var/folders/9b/kzvz56p946bdfrfv910p2x6r0000gn/T/fire_emu_6827.sock {"metadata":{"emulator":{"name":"functions"},"message":"[worker-api-d9c7c1b0-f819-4064-b0c2-e727764ced64]: Assigning socketPath: /var/folders/9b/kzvz56p946bdfrfv910p2x6r0000gn/T/fire_emu_6827.sock"}}
[debug] [2021-06-03T11:03:13.721Z] [worker-api-d9c7c1b0-f819-4064-b0c2-e727764ced64]: BUSY {"metadata":{"emulator":{"name":"functions"},"message":"[worker-api-d9c7c1b0-f819-4064-b0c2-e727764ced64]: BUSY"}}
[debug] [2021-06-03T11:03:13.723Z] [runtime-status] [6827] Trigger "api" has been found, beginning invocation! {"metadata":{"emulator":{"name":"functions"},"function":{"name":"api"},"message":"[runtime-status] [6827] Trigger \"api\" has been found, beginning invocation!"}}
[info] i  functions: Beginning execution of "api" {"metadata":{"emulator":{"name":"functions"},"function":{"name":"api"},"message":"Beginning execution of \"api\""}}
[debug] [2021-06-03T11:03:13.725Z] [runtime-status] [6827] triggerDefinition {"httpsTrigger":{},"name":"api","entryPoint":"api"} {"metadata":{"emulator":{"name":"functions"},"function":{"name":"api"},"message":"[runtime-status] [6827] triggerDefinition {\"httpsTrigger\":{},\"name\":\"api\",\"entryPoint\":\"api\"}"}}
[debug] [2021-06-03T11:03:13.725Z] [runtime-status] [6827] Running api in mode HTTPS {"metadata":{"emulator":{"name":"functions"},"function":{"name":"api"},"message":"[runtime-status] [6827] Running api in mode HTTPS"}}
[debug] [2021-06-03T11:03:13.731Z] [runtime-status] [6827] Attempting to listen to socketPath: /var/folders/9b/kzvz56p946bdfrfv910p2x6r0000gn/T/fire_emu_6827.sock {"metadata":{"emulator":{"name":"functions"},"function":{"name":"api"},"message":"[runtime-status] [6827] Attempting to listen to socketPath: /var/folders/9b/kzvz56p946bdfrfv910p2x6r0000gn/T/fire_emu_6827.sock"}}
[debug] [2021-06-03T11:03:13.740Z] [functions] Runtime ready! Sending request! {"metadata":{"emulator":{"name":"functions"},"message":"[functions] Runtime ready! Sending request!"}}
[debug] [2021-06-03T11:03:13.740Z] [functions] Got req.url=/vp-emazon-clone/us-central1/api/payments/create?total=122895, mapping to path=/payments/create?total=122895 {"metadata":{"emulator":{"name":"functions"},"message":"[functions] Got req.url=/vp-emazon-clone/us-central1/api/payments/create?total=122895, mapping to path=/payments/create?total=122895"}}
[debug] [2021-06-03T11:03:13.745Z] [runtime-status] [6827] Ephemeral server handling POST request {"metadata":{"emulator":{"name":"functions"},"function":{"name":"api"},"message":"[runtime-status] [6827] Ephemeral server handling POST request"}}
[info] >  Payment Request Recieved BOOM!!! for this amount >>>  122895 {"user":"Payment Request Recieved BOOM!!! for this amount >>>  122895","metadata":{"emulator":{"name":"functions"},"function":{"name":"api"},"message":"\u001b[90m> \u001b[39m Payment Request Recieved BOOM!!! for this amount >>>  122895"}}
[debug] [2021-06-03T11:03:13.748Z] [runtime-status] [6827] Ephemeral server survived. {"metadata":{"emulator":{"name":"functions"},"function":{"name":"api"},"message":"[runtime-status] [6827] Ephemeral server survived."}}
[info] i  functions: Finished "api" in ~1s {"metadata":{"emulator":{"name":"functions"},"function":{"name":"api"},"message":"Finished \"api\" in ~1s"}}
[debug] [2021-06-03T11:03:14.240Z] [worker-api-d9c7c1b0-f819-4064-b0c2-e727764ced64]: IDLE {"metadata":{"emulator":{"name":"functions"},"message":"[worker-api-d9c7c1b0-f819-4064-b0c2-e727764ced64]: IDLE"}}
[debug] [2021-06-03T11:03:14.240Z] [work-queue] {"queueLength":0,"workRunningCount":0}
[debug] [2021-06-03T11:06:22.270Z] [work-queue] {"queueLength":1,"workRunningCount":0}
[debug] [2021-06-03T11:06:22.271Z] [work-queue] {"queueLength":0,"workRunningCount":1}
[debug] [2021-06-03T11:06:22.271Z] Accepted request POST /vp-emazon-clone/us-central1/api/payments/create?total=122895 --> api
[debug] [2021-06-03T11:06:22.271Z] [worker-pool] submitWork(triggerId=api) {"metadata":{"emulator":{"name":"functions"},"message":"[worker-pool] submitWork(triggerId=api)"}}
[debug] [2021-06-03T11:06:22.272Z] [worker-api-d9c7c1b0-f819-4064-b0c2-e727764ced64]: Assigning socketPath: /var/folders/9b/kzvz56p946bdfrfv910p2x6r0000gn/T/fire_emu_6827.sock {"metadata":{"emulator":{"name":"functions"},"message":"[worker-api-d9c7c1b0-f819-4064-b0c2-e727764ced64]: Assigning socketPath: /var/folders/9b/kzvz56p946bdfrfv910p2x6r0000gn/T/fire_emu_6827.sock"}}
[debug] [2021-06-03T11:06:22.272Z] [worker-api-d9c7c1b0-f819-4064-b0c2-e727764ced64]: BUSY {"metadata":{"emulator":{"name":"functions"},"message":"[worker-api-d9c7c1b0-f819-4064-b0c2-e727764ced64]: BUSY"}}
[debug] [2021-06-03T11:06:22.275Z] [runtime-status] [6827] Trigger "api" has been found, beginning invocation! {"metadata":{"emulator":{"name":"functions"},"function":{"name":"api"},"message":"[runtime-status] [6827] Trigger \"api\" has been found, beginning invocation!"}}
[info] i  functions: Beginning execution of "api" {"metadata":{"emulator":{"name":"functions"},"function":{"name":"api"},"message":"Beginning execution of \"api\""}}
[debug] [2021-06-03T11:06:22.277Z] [runtime-status] [6827] triggerDefinition {"httpsTrigger":{},"name":"api","entryPoint":"api"} {"metadata":{"emulator":{"name":"functions"},"function":{"name":"api"},"message":"[runtime-status] [6827] triggerDefinition {\"httpsTrigger\":{},\"name\":\"api\",\"entryPoint\":\"api\"}"}}
[debug] [2021-06-03T11:06:22.277Z] [runtime-status] [6827] Running api in mode HTTPS {"metadata":{"emulator":{"name":"functions"},"function":{"name":"api"},"message":"[runtime-status] [6827] Running api in mode HTTPS"}}
[debug] [2021-06-03T11:06:22.278Z] [runtime-status] [6827] Attempting to listen to socketPath: /var/folders/9b/kzvz56p946bdfrfv910p2x6r0000gn/T/fire_emu_6827.sock {"metadata":{"emulator":{"name":"functions"},"function":{"name":"api"},"message":"[runtime-status] [6827] Attempting to listen to socketPath: /var/folders/9b/kzvz56p946bdfrfv910p2x6r0000gn/T/fire_emu_6827.sock"}}
[debug] [2021-06-03T11:06:22.280Z] [functions] Runtime ready! Sending request! {"metadata":{"emulator":{"name":"functions"},"message":"[functions] Runtime ready! Sending request!"}}
[debug] [2021-06-03T11:06:22.281Z] [functions] Got req.url=/vp-emazon-clone/us-central1/api/payments/create?total=122895, mapping to path=/payments/create?total=122895 {"metadata":{"emulator":{"name":"functions"},"message":"[functions] Got req.url=/vp-emazon-clone/us-central1/api/payments/create?total=122895, mapping to path=/payments/create?total=122895"}}
[debug] [2021-06-03T11:06:22.287Z] [runtime-status] [6827] Ephemeral server handling POST request {"metadata":{"emulator":{"name":"functions"},"function":{"name":"api"},"message":"[runtime-status] [6827] Ephemeral server handling POST request"}}
[info] >  Payment Request Recieved BOOM!!! for this amount >>>  122895 {"user":"Payment Request Recieved BOOM!!! for this amount >>>  122895","metadata":{"emulator":{"name":"functions"},"function":{"name":"api"},"message":"\u001b[90m> \u001b[39m Payment Request Recieved BOOM!!! for this amount >>>  122895"}}
[debug] [2021-06-03T11:06:22.290Z] [runtime-status] [6827] Ephemeral server survived. {"metadata":{"emulator":{"name":"functions"},"function":{"name":"api"},"message":"[runtime-status] [6827] Ephemeral server survived."}}
[info] i  functions: Finished "api" in ~1s {"metadata":{"emulator":{"name":"functions"},"function":{"name":"api"},"message":"Finished \"api\" in ~1s"}}
[debug] [2021-06-03T11:06:22.827Z] [worker-api-d9c7c1b0-f819-4064-b0c2-e727764ced64]: IDLE {"metadata":{"emulator":{"name":"functions"},"message":"[worker-api-d9c7c1b0-f819-4064-b0c2-e727764ced64]: IDLE"}}
[debug] [2021-06-03T11:06:22.827Z] [work-queue] {"queueLength":0,"workRunningCount":0}
[debug] [2021-06-03T11:07:19.969Z] File /Users/apco/Desktop/projects/amazon-clone/functions/index.js changed, reloading triggers {"metadata":{"emulator":{"name":"functions"},"message":"File /Users/apco/Desktop/projects/amazon-clone/functions/index.js changed, reloading triggers"}}
[debug] [2021-06-03T11:07:20.975Z] [worker-pool] Shutting down IDLE worker (~diagnostic~) {"metadata":{"emulator":{"name":"functions"},"message":"[worker-pool] Shutting down IDLE worker (~diagnostic~)"}}
[debug] [2021-06-03T11:07:20.976Z] [worker-~diagnostic~-c9e6fa47-a53f-4c46-9a24-0cf0ce64ca6d]: FINISHING {"metadata":{"emulator":{"name":"functions"},"message":"[worker-~diagnostic~-c9e6fa47-a53f-4c46-9a24-0cf0ce64ca6d]: FINISHING"}}
[debug] [2021-06-03T11:07:20.978Z] [worker-pool] Shutting down IDLE worker (api) {"metadata":{"emulator":{"name":"functions"},"message":"[worker-pool] Shutting down IDLE worker (api)"}}
[debug] [2021-06-03T11:07:20.979Z] [worker-api-d9c7c1b0-f819-4064-b0c2-e727764ced64]: FINISHING {"metadata":{"emulator":{"name":"functions"},"message":"[worker-api-d9c7c1b0-f819-4064-b0c2-e727764ced64]: FINISHING"}}
[debug] [2021-06-03T11:07:20.994Z] [worker-pool] addWorker(~diagnostic~) {"metadata":{"emulator":{"name":"functions"},"message":"[worker-pool] addWorker(~diagnostic~)"}}
[debug] [2021-06-03T11:07:20.995Z] [worker-pool] Adding worker with key ~diagnostic~, total=2 {"metadata":{"emulator":{"name":"functions"},"message":"[worker-pool] Adding worker with key ~diagnostic~, total=2"}}
[debug] [2021-06-03T11:07:20.995Z] [worker-pool] submitWork(triggerId=) {"metadata":{"emulator":{"name":"functions"},"message":"[worker-pool] submitWork(triggerId=)"}}
[debug] [2021-06-03T11:07:20.995Z] [worker-~diagnostic~-2c576910-0fba-4e8c-af1f-a8c218edce05]: Assigning socketPath: /var/folders/9b/kzvz56p946bdfrfv910p2x6r0000gn/T/fire_emu_6963.sock {"metadata":{"emulator":{"name":"functions"},"message":"[worker-~diagnostic~-2c576910-0fba-4e8c-af1f-a8c218edce05]: Assigning socketPath: /var/folders/9b/kzvz56p946bdfrfv910p2x6r0000gn/T/fire_emu_6963.sock"}}
[debug] [2021-06-03T11:07:20.995Z] [worker-~diagnostic~-2c576910-0fba-4e8c-af1f-a8c218edce05]: BUSY {"metadata":{"emulator":{"name":"functions"},"message":"[worker-~diagnostic~-2c576910-0fba-4e8c-af1f-a8c218edce05]: BUSY"}}
[debug] [2021-06-03T11:07:20.997Z] [worker-~diagnostic~-c9e6fa47-a53f-4c46-9a24-0cf0ce64ca6d]: exited {"metadata":{"emulator":{"name":"functions"},"message":"[worker-~diagnostic~-c9e6fa47-a53f-4c46-9a24-0cf0ce64ca6d]: exited"}}
[debug] [2021-06-03T11:07:20.997Z] [worker-~diagnostic~-c9e6fa47-a53f-4c46-9a24-0cf0ce64ca6d]: FINISHED {"metadata":{"emulator":{"name":"functions"},"message":"[worker-~diagnostic~-c9e6fa47-a53f-4c46-9a24-0cf0ce64ca6d]: FINISHED"}}
[debug] [2021-06-03T11:07:20.999Z] [worker-api-d9c7c1b0-f819-4064-b0c2-e727764ced64]: exited {"metadata":{"emulator":{"name":"functions"},"message":"[worker-api-d9c7c1b0-f819-4064-b0c2-e727764ced64]: exited"}}
[debug] [2021-06-03T11:07:20.999Z] [worker-api-d9c7c1b0-f819-4064-b0c2-e727764ced64]: FINISHED {"metadata":{"emulator":{"name":"functions"},"message":"[worker-api-d9c7c1b0-f819-4064-b0c2-e727764ced64]: FINISHED"}}
[debug] [2021-06-03T11:07:21.661Z] [runtime-status] [6963] Functions runtime initialized. {"cwd":"/Users/apco/Desktop/projects/amazon-clone/functions","node_version":"15.11.0"} {"metadata":{"emulator":{"name":"functions"},"message":"[runtime-status] [6963] Functions runtime initialized. {\"cwd\":\"/Users/apco/Desktop/projects/amazon-clone/functions\",\"node_version\":\"15.11.0\"}"}}
[debug] [2021-06-03T11:07:21.662Z] [runtime-status] [6963] Disabled runtime features: undefined {"metadata":{"emulator":{"name":"functions"},"message":"[runtime-status] [6963] Disabled runtime features: undefined"}}
[debug] [2021-06-03T11:07:21.663Z] [runtime-status] [6963] Resolved module firebase-admin {"declared":true,"installed":true,"version":"9.9.0","resolution":"/Users/apco/Desktop/projects/amazon-clone/functions/node_modules/firebase-admin/lib/index.js"} {"metadata":{"emulator":{"name":"functions"},"message":"[runtime-status] [6963] Resolved module firebase-admin {\"declared\":true,\"installed\":true,\"version\":\"9.9.0\",\"resolution\":\"/Users/apco/Desktop/projects/amazon-clone/functions/node_modules/firebase-admin/lib/index.js\"}"}}
[debug] [2021-06-03T11:07:21.663Z] [runtime-status] [6963] Resolved module firebase-functions {"declared":true,"installed":true,"version":"3.14.1","resolution":"/Users/apco/Desktop/projects/amazon-clone/functions/node_modules/firebase-functions/lib/index.js"} {"metadata":{"emulator":{"name":"functions"},"message":"[runtime-status] [6963] Resolved module firebase-functions {\"declared\":true,\"installed\":true,\"version\":\"3.14.1\",\"resolution\":\"/Users/apco/Desktop/projects/amazon-clone/functions/node_modules/firebase-functions/lib/index.js\"}"}}
[debug] [2021-06-03T11:07:21.664Z] [runtime-status] [6963] Resolved module firebase-functions {"declared":true,"installed":true,"version":"3.14.1","resolution":"/Users/apco/Desktop/projects/amazon-clone/functions/node_modules/firebase-functions/lib/index.js"} {"metadata":{"emulator":{"name":"functions"},"message":"[runtime-status] [6963] Resolved module firebase-functions {\"declared\":true,\"installed\":true,\"version\":\"3.14.1\",\"resolution\":\"/Users/apco/Desktop/projects/amazon-clone/functions/node_modules/firebase-functions/lib/index.js\"}"}}
[debug] [2021-06-03T11:07:21.665Z] [runtime-status] [6963] Outgoing network have been stubbed. [{"name":"http","status":"mocked"},{"name":"http","status":"mocked"},{"name":"https","status":"mocked"},{"name":"https","status":"mocked"},{"name":"net","status":"mocked"}] {"metadata":{"emulator":{"name":"functions"},"message":"[runtime-status] [6963] Outgoing network have been stubbed. [{\"name\":\"http\",\"status\":\"mocked\"},{\"name\":\"http\",\"status\":\"mocked\"},{\"name\":\"https\",\"status\":\"mocked\"},{\"name\":\"https\",\"status\":\"mocked\"},{\"name\":\"net\",\"status\":\"mocked\"}]"}}
[debug] [2021-06-03T11:07:21.665Z] [runtime-status] [6963] Resolved module firebase-functions {"declared":true,"installed":true,"version":"3.14.1","resolution":"/Users/apco/Desktop/projects/amazon-clone/functions/node_modules/firebase-functions/lib/index.js"} {"metadata":{"emulator":{"name":"functions"},"message":"[runtime-status] [6963] Resolved module firebase-functions {\"declared\":true,\"installed\":true,\"version\":\"3.14.1\",\"resolution\":\"/Users/apco/Desktop/projects/amazon-clone/functions/node_modules/firebase-functions/lib/index.js\"}"}}
[debug] [2021-06-03T11:07:21.687Z] [runtime-status] [6963] Checked functions.config() {"config":{}} {"metadata":{"emulator":{"name":"functions"},"message":"[runtime-status] [6963] Checked functions.config() {\"config\":{}}"}}
[debug] [2021-06-03T11:07:21.687Z] [runtime-status] [6963] firebase-functions has been stubbed. {"functionsResolution":{"declared":true,"installed":true,"version":"3.14.1","resolution":"/Users/apco/Desktop/projects/amazon-clone/functions/node_modules/firebase-functions/lib/index.js"}} {"metadata":{"emulator":{"name":"functions"},"message":"[runtime-status] [6963] firebase-functions has been stubbed. {\"functionsResolution\":{\"declared\":true,\"installed\":true,\"version\":\"3.14.1\",\"resolution\":\"/Users/apco/Desktop/projects/amazon-clone/functions/node_modules/firebase-functions/lib/index.js\"}}"}}
[debug] [2021-06-03T11:07:21.687Z] [runtime-status] [6963] Resolved module firebase-functions {"declared":true,"installed":true,"version":"3.14.1","resolution":"/Users/apco/Desktop/projects/amazon-clone/functions/node_modules/firebase-functions/lib/index.js"} {"metadata":{"emulator":{"name":"functions"},"message":"[runtime-status] [6963] Resolved module firebase-functions {\"declared\":true,\"installed\":true,\"version\":\"3.14.1\",\"resolution\":\"/Users/apco/Desktop/projects/amazon-clone/functions/node_modules/firebase-functions/lib/index.js\"}"}}
[debug] [2021-06-03T11:07:21.688Z] [runtime-status] [6963] Resolved module firebase-admin {"declared":true,"installed":true,"version":"9.9.0","resolution":"/Users/apco/Desktop/projects/amazon-clone/functions/node_modules/firebase-admin/lib/index.js"} {"metadata":{"emulator":{"name":"functions"},"message":"[runtime-status] [6963] Resolved module firebase-admin {\"declared\":true,\"installed\":true,\"version\":\"9.9.0\",\"resolution\":\"/Users/apco/Desktop/projects/amazon-clone/functions/node_modules/firebase-admin/lib/index.js\"}"}}
[debug] [2021-06-03T11:07:21.688Z] [runtime-status] [6963] Resolved module firebase-functions {"declared":true,"installed":true,"version":"3.14.1","resolution":"/Users/apco/Desktop/projects/amazon-clone/functions/node_modules/firebase-functions/lib/index.js"} {"metadata":{"emulator":{"name":"functions"},"message":"[runtime-status] [6963] Resolved module firebase-functions {\"declared\":true,\"installed\":true,\"version\":\"3.14.1\",\"resolution\":\"/Users/apco/Desktop/projects/amazon-clone/functions/node_modules/firebase-functions/lib/index.js\"}"}}
[debug] [2021-06-03T11:07:21.688Z] [runtime-status] [6963] firebase-admin has been stubbed. {"adminResolution":{"declared":true,"installed":true,"version":"9.9.0","resolution":"/Users/apco/Desktop/projects/amazon-clone/functions/node_modules/firebase-admin/lib/index.js"}} {"metadata":{"emulator":{"name":"functions"},"message":"[runtime-status] [6963] firebase-admin has been stubbed. {\"adminResolution\":{\"declared\":true,\"installed\":true,\"version\":\"9.9.0\",\"resolution\":\"/Users/apco/Desktop/projects/amazon-clone/functions/node_modules/firebase-admin/lib/index.js\"}}"}}
[debug] [2021-06-03T11:07:21.735Z] [worker-~diagnostic~-2c576910-0fba-4e8c-af1f-a8c218edce05]: IDLE {"metadata":{"emulator":{"name":"functions"},"message":"[worker-~diagnostic~-2c576910-0fba-4e8c-af1f-a8c218edce05]: IDLE"}}
[debug] [2021-06-03T11:07:25.815Z] [work-queue] {"queueLength":1,"workRunningCount":0}
[debug] [2021-06-03T11:07:25.815Z] [work-queue] {"queueLength":0,"workRunningCount":1}
[debug] [2021-06-03T11:07:25.815Z] Accepted request POST /vp-emazon-clone/us-central1/api/payments/create?total=122895 --> api
[debug] [2021-06-03T11:07:25.816Z] [worker-pool] Cleaned up workers for ~diagnostic~: 2 --> 1 {"metadata":{"emulator":{"name":"functions"},"message":"[worker-pool] Cleaned up workers for ~diagnostic~: 2 --> 1"}}
[debug] [2021-06-03T11:07:25.816Z] [worker-pool] Cleaned up workers for api: 1 --> 0 {"metadata":{"emulator":{"name":"functions"},"message":"[worker-pool] Cleaned up workers for api: 1 --> 0"}}
[debug] [2021-06-03T11:07:25.820Z] [worker-pool] addWorker(api) {"metadata":{"emulator":{"name":"functions"},"message":"[worker-pool] addWorker(api)"}}
[debug] [2021-06-03T11:07:25.821Z] [worker-pool] Adding worker with key api, total=1 {"metadata":{"emulator":{"name":"functions"},"message":"[worker-pool] Adding worker with key api, total=1"}}
[debug] [2021-06-03T11:07:25.821Z] [worker-pool] submitWork(triggerId=api) {"metadata":{"emulator":{"name":"functions"},"message":"[worker-pool] submitWork(triggerId=api)"}}
[debug] [2021-06-03T11:07:25.821Z] [worker-api-17c5b146-f7a0-4865-bb14-77caea193ae9]: Assigning socketPath: /var/folders/9b/kzvz56p946bdfrfv910p2x6r0000gn/T/fire_emu_6966.sock {"metadata":{"emulator":{"name":"functions"},"message":"[worker-api-17c5b146-f7a0-4865-bb14-77caea193ae9]: Assigning socketPath: /var/folders/9b/kzvz56p946bdfrfv910p2x6r0000gn/T/fire_emu_6966.sock"}}
[debug] [2021-06-03T11:07:25.821Z] [worker-api-17c5b146-f7a0-4865-bb14-77caea193ae9]: BUSY {"metadata":{"emulator":{"name":"functions"},"message":"[worker-api-17c5b146-f7a0-4865-bb14-77caea193ae9]: BUSY"}}
[debug] [2021-06-03T11:07:25.907Z] [runtime-status] [6966] Functions runtime initialized. {"cwd":"/Users/apco/Desktop/projects/amazon-clone/functions","node_version":"15.11.0"} {"metadata":{"emulator":{"name":"functions"},"function":{"name":"api"},"message":"[runtime-status] [6966] Functions runtime initialized. {\"cwd\":\"/Users/apco/Desktop/projects/amazon-clone/functions\",\"node_version\":\"15.11.0\"}"}}
[debug] [2021-06-03T11:07:25.908Z] [runtime-status] [6966] Disabled runtime features: undefined {"metadata":{"emulator":{"name":"functions"},"function":{"name":"api"},"message":"[runtime-status] [6966] Disabled runtime features: undefined"}}
[debug] [2021-06-03T11:07:25.908Z] [runtime-status] [6966] Resolved module firebase-admin {"declared":true,"installed":true,"version":"9.9.0","resolution":"/Users/apco/Desktop/projects/amazon-clone/functions/node_modules/firebase-admin/lib/index.js"} {"metadata":{"emulator":{"name":"functions"},"function":{"name":"api"},"message":"[runtime-status] [6966] Resolved module firebase-admin {\"declared\":true,\"installed\":true,\"version\":\"9.9.0\",\"resolution\":\"/Users/apco/Desktop/projects/amazon-clone/functions/node_modules/firebase-admin/lib/index.js\"}"}}
[debug] [2021-06-03T11:07:25.909Z] [runtime-status] [6966] Resolved module firebase-functions {"declared":true,"installed":true,"version":"3.14.1","resolution":"/Users/apco/Desktop/projects/amazon-clone/functions/node_modules/firebase-functions/lib/index.js"} {"metadata":{"emulator":{"name":"functions"},"function":{"name":"api"},"message":"[runtime-status] [6966] Resolved module firebase-functions {\"declared\":true,\"installed\":true,\"version\":\"3.14.1\",\"resolution\":\"/Users/apco/Desktop/projects/amazon-clone/functions/node_modules/firebase-functions/lib/index.js\"}"}}
[debug] [2021-06-03T11:07:25.910Z] [runtime-status] [6966] Resolved module firebase-functions {"declared":true,"installed":true,"version":"3.14.1","resolution":"/Users/apco/Desktop/projects/amazon-clone/functions/node_modules/firebase-functions/lib/index.js"} {"metadata":{"emulator":{"name":"functions"},"function":{"name":"api"},"message":"[runtime-status] [6966] Resolved module firebase-functions {\"declared\":true,\"installed\":true,\"version\":\"3.14.1\",\"resolution\":\"/Users/apco/Desktop/projects/amazon-clone/functions/node_modules/firebase-functions/lib/index.js\"}"}}
[debug] [2021-06-03T11:07:25.911Z] [runtime-status] [6966] Outgoing network have been stubbed. [{"name":"http","status":"mocked"},{"name":"http","status":"mocked"},{"name":"https","status":"mocked"},{"name":"https","status":"mocked"},{"name":"net","status":"mocked"}] {"metadata":{"emulator":{"name":"functions"},"function":{"name":"api"},"message":"[runtime-status] [6966] Outgoing network have been stubbed. [{\"name\":\"http\",\"status\":\"mocked\"},{\"name\":\"http\",\"status\":\"mocked\"},{\"name\":\"https\",\"status\":\"mocked\"},{\"name\":\"https\",\"status\":\"mocked\"},{\"name\":\"net\",\"status\":\"mocked\"}]"}}
[debug] [2021-06-03T11:07:25.911Z] [runtime-status] [6966] Resolved module firebase-functions {"declared":true,"installed":true,"version":"3.14.1","resolution":"/Users/apco/Desktop/projects/amazon-clone/functions/node_modules/firebase-functions/lib/index.js"} {"metadata":{"emulator":{"name":"functions"},"function":{"name":"api"},"message":"[runtime-status] [6966] Resolved module firebase-functions {\"declared\":true,\"installed\":true,\"version\":\"3.14.1\",\"resolution\":\"/Users/apco/Desktop/projects/amazon-clone/functions/node_modules/firebase-functions/lib/index.js\"}"}}
[debug] [2021-06-03T11:07:25.930Z] [runtime-status] [6966] Checked functions.config() {"config":{}} {"metadata":{"emulator":{"name":"functions"},"function":{"name":"api"},"message":"[runtime-status] [6966] Checked functions.config() {\"config\":{}}"}}
[debug] [2021-06-03T11:07:25.930Z] [runtime-status] [6966] firebase-functions has been stubbed. {"functionsResolution":{"declared":true,"installed":true,"version":"3.14.1","resolution":"/Users/apco/Desktop/projects/amazon-clone/functions/node_modules/firebase-functions/lib/index.js"}} {"metadata":{"emulator":{"name":"functions"},"function":{"name":"api"},"message":"[runtime-status] [6966] firebase-functions has been stubbed. {\"functionsResolution\":{\"declared\":true,\"installed\":true,\"version\":\"3.14.1\",\"resolution\":\"/Users/apco/Desktop/projects/amazon-clone/functions/node_modules/firebase-functions/lib/index.js\"}}"}}
[debug] [2021-06-03T11:07:25.931Z] [runtime-status] [6966] Resolved module firebase-functions {"declared":true,"installed":true,"version":"3.14.1","resolution":"/Users/apco/Desktop/projects/amazon-clone/functions/node_modules/firebase-functions/lib/index.js"} {"metadata":{"emulator":{"name":"functions"},"function":{"name":"api"},"message":"[runtime-status] [6966] Resolved module firebase-functions {\"declared\":true,\"installed\":true,\"version\":\"3.14.1\",\"resolution\":\"/Users/apco/Desktop/projects/amazon-clone/functions/node_modules/firebase-functions/lib/index.js\"}"}}
[debug] [2021-06-03T11:07:25.931Z] [runtime-status] [6966] Resolved module firebase-admin {"declared":true,"installed":true,"version":"9.9.0","resolution":"/Users/apco/Desktop/projects/amazon-clone/functions/node_modules/firebase-admin/lib/index.js"} {"metadata":{"emulator":{"name":"functions"},"function":{"name":"api"},"message":"[runtime-status] [6966] Resolved module firebase-admin {\"declared\":true,\"installed\":true,\"version\":\"9.9.0\",\"resolution\":\"/Users/apco/Desktop/projects/amazon-clone/functions/node_modules/firebase-admin/lib/index.js\"}"}}
[debug] [2021-06-03T11:07:25.931Z] [runtime-status] [6966] Resolved module firebase-functions {"declared":true,"installed":true,"version":"3.14.1","resolution":"/Users/apco/Desktop/projects/amazon-clone/functions/node_modules/firebase-functions/lib/index.js"} {"metadata":{"emulator":{"name":"functions"},"function":{"name":"api"},"message":"[runtime-status] [6966] Resolved module firebase-functions {\"declared\":true,\"installed\":true,\"version\":\"3.14.1\",\"resolution\":\"/Users/apco/Desktop/projects/amazon-clone/functions/node_modules/firebase-functions/lib/index.js\"}"}}
[debug] [2021-06-03T11:07:25.931Z] [runtime-status] [6966] firebase-admin has been stubbed. {"adminResolution":{"declared":true,"installed":true,"version":"9.9.0","resolution":"/Users/apco/Desktop/projects/amazon-clone/functions/node_modules/firebase-admin/lib/index.js"}} {"metadata":{"emulator":{"name":"functions"},"function":{"name":"api"},"message":"[runtime-status] [6966] firebase-admin has been stubbed. {\"adminResolution\":{\"declared\":true,\"installed\":true,\"version\":\"9.9.0\",\"resolution\":\"/Users/apco/Desktop/projects/amazon-clone/functions/node_modules/firebase-admin/lib/index.js\"}}"}}
[debug] [2021-06-03T11:07:25.978Z] [runtime-status] [6966] Trigger "api" has been found, beginning invocation! {"metadata":{"emulator":{"name":"functions"},"function":{"name":"api"},"message":"[runtime-status] [6966] Trigger \"api\" has been found, beginning invocation!"}}
[info] i  functions: Beginning execution of "api" {"metadata":{"emulator":{"name":"functions"},"function":{"name":"api"},"message":"Beginning execution of \"api\""}}
[debug] [2021-06-03T11:07:25.978Z] [runtime-status] [6966] triggerDefinition {"httpsTrigger":{},"name":"api","entryPoint":"api"} {"metadata":{"emulator":{"name":"functions"},"function":{"name":"api"},"message":"[runtime-status] [6966] triggerDefinition {\"httpsTrigger\":{},\"name\":\"api\",\"entryPoint\":\"api\"}"}}
[debug] [2021-06-03T11:07:25.978Z] [runtime-status] [6966] Running api in mode HTTPS {"metadata":{"emulator":{"name":"functions"},"function":{"name":"api"},"message":"[runtime-status] [6966] Running api in mode HTTPS"}}
[debug] [2021-06-03T11:07:25.979Z] [runtime-status] [6966] Attempting to listen to socketPath: /var/folders/9b/kzvz56p946bdfrfv910p2x6r0000gn/T/fire_emu_6966.sock {"metadata":{"emulator":{"name":"functions"},"function":{"name":"api"},"message":"[runtime-status] [6966] Attempting to listen to socketPath: /var/folders/9b/kzvz56p946bdfrfv910p2x6r0000gn/T/fire_emu_6966.sock"}}
[debug] [2021-06-03T11:07:25.981Z] [functions] Runtime ready! Sending request! {"metadata":{"emulator":{"name":"functions"},"message":"[functions] Runtime ready! Sending request!"}}
[debug] [2021-06-03T11:07:25.982Z] [functions] Got req.url=/vp-emazon-clone/us-central1/api/payments/create?total=122895, mapping to path=/payments/create?total=122895 {"metadata":{"emulator":{"name":"functions"},"message":"[functions] Got req.url=/vp-emazon-clone/us-central1/api/payments/create?total=122895, mapping to path=/payments/create?total=122895"}}
[debug] [2021-06-03T11:07:25.987Z] [runtime-status] [6966] Ephemeral server handling POST request {"metadata":{"emulator":{"name":"functions"},"function":{"name":"api"},"message":"[runtime-status] [6966] Ephemeral server handling POST request"}}
[info] >  Payment Request Recieved BOOM!!! for this amount >>>  122895 {"user":"Payment Request Recieved BOOM!!! for this amount >>>  122895","metadata":{"emulator":{"name":"functions"},"function":{"name":"api"},"message":"\u001b[90m> \u001b[39m Payment Request Recieved BOOM!!! for this amount >>>  122895"}}
[debug] [2021-06-03T11:07:25.995Z] [runtime-status] [6966] Ephemeral server survived. {"metadata":{"emulator":{"name":"functions"},"function":{"name":"api"},"message":"[runtime-status] [6966] Ephemeral server survived."}}
[info] i  functions: Finished "api" in ~1s {"metadata":{"emulator":{"name":"functions"},"function":{"name":"api"},"message":"Finished \"api\" in ~1s"}}
[debug] [2021-06-03T11:07:26.497Z] [worker-api-17c5b146-f7a0-4865-bb14-77caea193ae9]: IDLE {"metadata":{"emulator":{"name":"functions"},"message":"[worker-api-17c5b146-f7a0-4865-bb14-77caea193ae9]: IDLE"}}
[debug] [2021-06-03T11:07:26.497Z] [work-queue] {"queueLength":0,"workRunningCount":0}
